2025-04-11 13:35:31,182 - pcUtils.main - DEBUG - Répertoire de base de l'application: /media/nico/Drive/pcUtils_internet
2025-04-11 13:35:31,182 - pcUtils.main - DEBUG - Ajout de la bibliothèque: /media/nico/Drive/pcUtils_internet/libs/psutils-3.3.9-py3-none-any au sys.path
2025-04-11 13:35:31,182 - pcUtils.main - DEBUG - Ajout de la bibliothèque: /media/nico/Drive/pcUtils_internet/libs/cryptography-44.0.2-cp39-abi3-manylinux_2_34_x86_64 au sys.path
2025-04-11 13:35:31,182 - pcUtils.main - DEBUG - Ajout de la bibliothèque: /media/nico/Drive/pcUtils_internet/libs/pygments-2.19.1-py3-none-any au sys.path
2025-04-11 13:35:31,182 - pcUtils.main - DEBUG - Ajout de la bibliothèque: /media/nico/Drive/pcUtils_internet/libs/puremagic-1.28-py3-none-any au sys.path
2025-04-11 13:35:31,183 - pcUtils.main - DEBUG - Ajout de la bibliothèque: /media/nico/Drive/pcUtils_internet/libs/ruamel.yaml.clib-0.2.12-cp310-cp310-manylinux_2_17_x86_64.manylinux2014_x86_64 au sys.path
2025-04-11 13:35:31,183 - pcUtils.main - DEBUG - Ajout de la bibliothèque: /media/nico/Drive/pcUtils_internet/libs/mdurl-0.1.2-py3-none-any au sys.path
2025-04-11 13:35:31,183 - pcUtils.main - DEBUG - Ajout de la bibliothèque: /media/nico/Drive/pcUtils_internet/libs/uc_micro_py-1.0.3-py3-none-any au sys.path
2025-04-11 13:35:31,183 - pcUtils.main - DEBUG - Ajout de la bibliothèque: /media/nico/Drive/pcUtils_internet/libs/paramiko-3.5.1-py3-none-any au sys.path
2025-04-11 13:35:31,183 - pcUtils.main - DEBUG - Ajout de la bibliothèque: /media/nico/Drive/pcUtils_internet/libs/textual-3.0.1-py3-none-any au sys.path
2025-04-11 13:35:31,183 - pcUtils.main - DEBUG - Ajout de la bibliothèque: /media/nico/Drive/pcUtils_internet/libs/PyNaCl-1.5.0-cp36-abi3-manylinux_2_17_x86_64.manylinux2014_x86_64.manylinux_2_24_x86_64 au sys.path
2025-04-11 13:35:31,183 - pcUtils.main - DEBUG - Ajout de la bibliothèque: /media/nico/Drive/pcUtils_internet/libs/linkify_it_py-2.0.3-py3-none-any au sys.path
2025-04-11 13:35:31,183 - pcUtils.main - DEBUG - Ajout de la bibliothèque: /media/nico/Drive/pcUtils_internet/libs/dnspython-2.7.0-py3-none-any au sys.path
2025-04-11 13:35:31,183 - pcUtils.main - DEBUG - Ajout de la bibliothèque: /media/nico/Drive/pcUtils_internet/libs/mdit_py_plugins-0.4.2-py3-none-any au sys.path
2025-04-11 13:35:31,183 - pcUtils.main - DEBUG - Ajout de la bibliothèque: /media/nico/Drive/pcUtils_internet/libs/rich-14.0.0-py3-none-any au sys.path
2025-04-11 13:35:31,183 - pcUtils.main - DEBUG - Ajout de la bibliothèque: /media/nico/Drive/pcUtils_internet/libs/pycparser-2.22-py3-none-any au sys.path
2025-04-11 13:35:31,183 - pcUtils.main - DEBUG - Ajout de la bibliothèque: /media/nico/Drive/pcUtils_internet/libs/cffi-1.17.1-cp310-cp310-manylinux_2_17_x86_64.manylinux2014_x86_64 au sys.path
2025-04-11 13:35:31,183 - pcUtils.main - DEBUG - Ajout de la bibliothèque: /media/nico/Drive/pcUtils_internet/libs/platformdirs-4.3.7-py3-none-any au sys.path
2025-04-11 13:35:31,183 - pcUtils.main - DEBUG - Ajout de la bibliothèque: /media/nico/Drive/pcUtils_internet/libs/ruamel.yaml-0.18.10-py3-none-any au sys.path
2025-04-11 13:35:31,183 - pcUtils.main - DEBUG - Ajout de la bibliothèque: /media/nico/Drive/pcUtils_internet/libs/typing_extensions-4.13.1-py3-none-any au sys.path
2025-04-11 13:35:31,184 - pcUtils.main - DEBUG - Ajout de la bibliothèque: /media/nico/Drive/pcUtils_internet/libs/pypdf-5.4.0-py3-none-any au sys.path
2025-04-11 13:35:31,184 - pcUtils.main - DEBUG - Ajout de la bibliothèque: /media/nico/Drive/pcUtils_internet/libs/bcrypt-4.3.0-cp39-abi3-manylinux_2_34_x86_64 au sys.path
2025-04-11 13:35:31,184 - pcUtils.main - DEBUG - Ajout de la bibliothèque: /media/nico/Drive/pcUtils_internet/libs/markdown_it_py-3.0.0-py3-none-any au sys.path
2025-04-11 13:35:31,184 - pcUtils.main - DEBUG - sys.path complet: ['/media/nico/Drive/pcUtils_internet/libs/markdown_it_py-3.0.0-py3-none-any', '/media/nico/Drive/pcUtils_internet/libs/bcrypt-4.3.0-cp39-abi3-manylinux_2_34_x86_64', '/media/nico/Drive/pcUtils_internet/libs/pypdf-5.4.0-py3-none-any', '/media/nico/Drive/pcUtils_internet/libs/typing_extensions-4.13.1-py3-none-any', '/media/nico/Drive/pcUtils_internet/libs/ruamel.yaml-0.18.10-py3-none-any', '/media/nico/Drive/pcUtils_internet/libs/platformdirs-4.3.7-py3-none-any', '/media/nico/Drive/pcUtils_internet/libs/cffi-1.17.1-cp310-cp310-manylinux_2_17_x86_64.manylinux2014_x86_64', '/media/nico/Drive/pcUtils_internet/libs/pycparser-2.22-py3-none-any', '/media/nico/Drive/pcUtils_internet/libs/rich-14.0.0-py3-none-any', '/media/nico/Drive/pcUtils_internet/libs/mdit_py_plugins-0.4.2-py3-none-any', '/media/nico/Drive/pcUtils_internet/libs/dnspython-2.7.0-py3-none-any', '/media/nico/Drive/pcUtils_internet/libs/linkify_it_py-2.0.3-py3-none-any', '/media/nico/Drive/pcUtils_internet/libs/PyNaCl-1.5.0-cp36-abi3-manylinux_2_17_x86_64.manylinux2014_x86_64.manylinux_2_24_x86_64', '/media/nico/Drive/pcUtils_internet/libs/textual-3.0.1-py3-none-any', '/media/nico/Drive/pcUtils_internet/libs/paramiko-3.5.1-py3-none-any', '/media/nico/Drive/pcUtils_internet/libs/uc_micro_py-1.0.3-py3-none-any', '/media/nico/Drive/pcUtils_internet/libs/mdurl-0.1.2-py3-none-any', '/media/nico/Drive/pcUtils_internet/libs/ruamel.yaml.clib-0.2.12-cp310-cp310-manylinux_2_17_x86_64.manylinux2014_x86_64', '/media/nico/Drive/pcUtils_internet/libs/puremagic-1.28-py3-none-any', '/media/nico/Drive/pcUtils_internet/libs/pygments-2.19.1-py3-none-any', '/media/nico/Drive/pcUtils_internet/libs/cryptography-44.0.2-cp39-abi3-manylinux_2_34_x86_64', '/media/nico/Drive/pcUtils_internet/libs/psutils-3.3.9-py3-none-any', '/media/nico/Drive/pcUtils_internet', '/usr/lib/python310.zip', '/usr/lib/python3.10', '/usr/lib/python3.10/lib-dynload', '/home/nico/.local/lib/python3.10/site-packages', '/usr/local/lib/python3.10/dist-packages', '/usr/lib/python3/dist-packages']
2025-04-11 13:35:31,197 - pcUtils.main - DEBUG - ruamel.yaml importé avec succès depuis /media/nico/Drive/pcUtils_internet/libs/ruamel.yaml-0.18.10-py3-none-any/ruamel/yaml/__init__.py
2025-04-11 13:35:31,427 - pcUtils.argument_parser - DEBUG - Arguments de ligne de commande: Namespace(auto=False, sequence=None, shortcut=None, plugin=None, config=None, params=None, verbose=0, quiet=False, log_file=None)
2025-04-11 13:35:31,428 - pcUtils.app_manager - DEBUG - Initialisation du gestionnaire d'application
2025-04-11 13:35:31,428 - pcUtils.app_manager - INFO - Démarrage en mode normal (interface complète)
2025-04-11 13:35:31,432 - pcUtils.choice_screen - DEBUG - Initialisation de l'application Choice
2025-04-11 13:35:31,432 - pcUtils.sequence_handler - DEBUG - Initialisation du gestionnaire de séquences: sequences
2025-04-11 13:35:31,432 - template_handler - DEBUG - Initialisation du gestionnaire de templates
2025-04-11 13:35:31,432 - asyncio - DEBUG - Using selector: EpollSelector
2025-04-11 13:35:31,453 - pcUtils.plugin_utils - DEBUG - Chargement des informations pour le plugin: scan
2025-04-11 13:35:31,453 - pcUtils.plugin_utils - DEBUG - Recherche du dossier pour le plugin: scan
2025-04-11 13:35:31,453 - pcUtils.plugin_utils - DEBUG - Nom de base extrait: scan
2025-04-11 13:35:31,453 - pcUtils.plugin_utils - DEBUG - Vérification du chemin: plugins/scan_test
2025-04-11 13:35:31,453 - pcUtils.plugin_utils - DEBUG - Vérification du chemin: plugins/scan
2025-04-11 13:35:31,453 - pcUtils.plugin_utils - DEBUG - Dossier trouvé: scan
2025-04-11 13:35:31,454 - pcUtils.plugin_utils - DEBUG - Recherche des paramètres dans: plugins/scan/settings.yml
2025-04-11 13:35:31,469 - pcUtils.plugin_utils - DEBUG - Paramètres chargés avec succès pour scan
2025-04-11 13:35:31,470 - template_handler - DEBUG - Aucun dossier de templates trouvé pour scan
2025-04-11 13:35:31,470 - pcUtils.choice_screen - DEBUG - Plugin valide trouvé: scan, templates: 0
2025-04-11 13:35:31,470 - pcUtils.plugin_utils - DEBUG - Chargement des informations pour le plugin: add_printer
2025-04-11 13:35:31,470 - pcUtils.plugin_utils - DEBUG - Recherche du dossier pour le plugin: add_printer
2025-04-11 13:35:31,470 - pcUtils.plugin_utils - DEBUG - Nom de base extrait: add_printer
2025-04-11 13:35:31,470 - pcUtils.plugin_utils - DEBUG - Vérification du chemin: plugins/add_printer_test
2025-04-11 13:35:31,470 - pcUtils.plugin_utils - DEBUG - Vérification du chemin: plugins/add_printer
2025-04-11 13:35:31,470 - pcUtils.plugin_utils - DEBUG - Dossier trouvé: add_printer
2025-04-11 13:35:31,470 - pcUtils.plugin_utils - DEBUG - Recherche des paramètres dans: plugins/add_printer/settings.yml
2025-04-11 13:35:31,480 - pcUtils.plugin_utils - DEBUG - Paramètres chargés avec succès pour add_printer
2025-04-11 13:35:31,480 - template_handler - DEBUG - Aucun dossier de templates trouvé pour add_printer
2025-04-11 13:35:31,480 - pcUtils.choice_screen - DEBUG - Plugin valide trouvé: add_printer, templates: 0
2025-04-11 13:35:31,480 - pcUtils.plugin_utils - DEBUG - Chargement des informations pour le plugin: test_plugin
2025-04-11 13:35:31,480 - pcUtils.plugin_utils - DEBUG - Recherche du dossier pour le plugin: test_plugin
2025-04-11 13:35:31,480 - pcUtils.plugin_utils - DEBUG - Nom de base extrait: test_plugin
2025-04-11 13:35:31,480 - pcUtils.plugin_utils - DEBUG - Vérification du chemin: plugins/test_plugin_test
2025-04-11 13:35:31,480 - pcUtils.plugin_utils - DEBUG - Vérification du chemin: plugins/test_plugin
2025-04-11 13:35:31,480 - pcUtils.plugin_utils - DEBUG - Dossier trouvé: test_plugin
2025-04-11 13:35:31,480 - pcUtils.plugin_utils - DEBUG - Recherche des paramètres dans: plugins/test_plugin/settings.yml
2025-04-11 13:35:31,499 - pcUtils.plugin_utils - DEBUG - Paramètres chargés avec succès pour test_plugin
2025-04-11 13:35:31,499 - template_handler - DEBUG - Aucun dossier de templates trouvé pour test_plugin
2025-04-11 13:35:31,499 - pcUtils.choice_screen - DEBUG - Plugin valide trouvé: test_plugin, templates: 0
2025-04-11 13:35:31,499 - pcUtils.plugin_utils - DEBUG - Chargement des informations pour le plugin: delete_printer
2025-04-11 13:35:31,499 - pcUtils.plugin_utils - DEBUG - Recherche du dossier pour le plugin: delete_printer
2025-04-11 13:35:31,499 - pcUtils.plugin_utils - DEBUG - Nom de base extrait: delete_printer
2025-04-11 13:35:31,499 - pcUtils.plugin_utils - DEBUG - Vérification du chemin: plugins/delete_printer_test
2025-04-11 13:35:31,499 - pcUtils.plugin_utils - DEBUG - Vérification du chemin: plugins/delete_printer
2025-04-11 13:35:31,499 - pcUtils.plugin_utils - DEBUG - Dossier trouvé: delete_printer
2025-04-11 13:35:31,499 - pcUtils.plugin_utils - DEBUG - Recherche des paramètres dans: plugins/delete_printer/settings.yml
2025-04-11 13:35:31,505 - pcUtils.plugin_utils - DEBUG - Paramètres chargés avec succès pour delete_printer
2025-04-11 13:35:31,505 - template_handler - DEBUG - Aucun dossier de templates trouvé pour delete_printer
2025-04-11 13:35:31,505 - pcUtils.choice_screen - DEBUG - Plugin valide trouvé: delete_printer, templates: 0
2025-04-11 13:35:31,505 - pcUtils.choice_screen - INFO - Plugins valides trouvés: 4
2025-04-11 13:35:31,510 - pcUtils.sequence_handler - DEBUG - Cache des séquences rafraîchi: 1 séquences trouvées
2025-04-11 13:35:31,510 - pcUtils.choice_screen - INFO - Séquences disponibles: 1
2025-04-11 13:35:31,510 - pcUtils.choice_screen - DEBUG - Séquence ajoutée: Séquence remplacement imprimante(s) (imp_remp.yml)
2025-04-11 13:35:31,510 - pcUtils.plugin_utils - DEBUG - Chargement des informations pour le plugin: add_printer
2025-04-11 13:35:31,510 - pcUtils.plugin_utils - DEBUG - Recherche du dossier pour le plugin: add_printer
2025-04-11 13:35:31,510 - pcUtils.plugin_utils - DEBUG - Nom de base extrait: add_printer
2025-04-11 13:35:31,510 - pcUtils.plugin_utils - DEBUG - Vérification du chemin: plugins/add_printer_test
2025-04-11 13:35:31,510 - pcUtils.plugin_utils - DEBUG - Vérification du chemin: plugins/add_printer
2025-04-11 13:35:31,510 - pcUtils.plugin_utils - DEBUG - Dossier trouvé: add_printer
2025-04-11 13:35:31,510 - pcUtils.plugin_utils - DEBUG - Recherche des paramètres dans: plugins/add_printer/settings.yml
2025-04-11 13:35:31,519 - pcUtils.plugin_utils - DEBUG - Paramètres chargés avec succès pour add_printer
2025-04-11 13:35:31,519 - pcUtils.plugin_utils - DEBUG - Chargement des informations pour le plugin: scan
2025-04-11 13:35:31,519 - pcUtils.plugin_utils - DEBUG - Recherche du dossier pour le plugin: scan
2025-04-11 13:35:31,519 - pcUtils.plugin_utils - DEBUG - Nom de base extrait: scan
2025-04-11 13:35:31,519 - pcUtils.plugin_utils - DEBUG - Vérification du chemin: plugins/scan_test
2025-04-11 13:35:31,519 - pcUtils.plugin_utils - DEBUG - Vérification du chemin: plugins/scan
2025-04-11 13:35:31,519 - pcUtils.plugin_utils - DEBUG - Dossier trouvé: scan
2025-04-11 13:35:31,519 - pcUtils.plugin_utils - DEBUG - Recherche des paramètres dans: plugins/scan/settings.yml
2025-04-11 13:35:31,526 - pcUtils.plugin_utils - DEBUG - Paramètres chargés avec succès pour scan
2025-04-11 13:35:31,526 - pcUtils.plugin_utils - DEBUG - Chargement des informations pour le plugin: test_plugin
2025-04-11 13:35:31,526 - pcUtils.plugin_utils - DEBUG - Recherche du dossier pour le plugin: test_plugin
2025-04-11 13:35:31,526 - pcUtils.plugin_utils - DEBUG - Nom de base extrait: test_plugin
2025-04-11 13:35:31,526 - pcUtils.plugin_utils - DEBUG - Vérification du chemin: plugins/test_plugin_test
2025-04-11 13:35:31,527 - pcUtils.plugin_utils - DEBUG - Vérification du chemin: plugins/test_plugin
2025-04-11 13:35:31,527 - pcUtils.plugin_utils - DEBUG - Dossier trouvé: test_plugin
2025-04-11 13:35:31,527 - pcUtils.plugin_utils - DEBUG - Recherche des paramètres dans: plugins/test_plugin/settings.yml
2025-04-11 13:35:31,543 - pcUtils.plugin_utils - DEBUG - Paramètres chargés avec succès pour test_plugin
2025-04-11 13:35:31,543 - pcUtils.plugin_utils - DEBUG - Chargement des informations pour le plugin: delete_printer
2025-04-11 13:35:31,543 - pcUtils.plugin_utils - DEBUG - Recherche du dossier pour le plugin: delete_printer
2025-04-11 13:35:31,543 - pcUtils.plugin_utils - DEBUG - Nom de base extrait: delete_printer
2025-04-11 13:35:31,543 - pcUtils.plugin_utils - DEBUG - Vérification du chemin: plugins/delete_printer_test
2025-04-11 13:35:31,543 - pcUtils.plugin_utils - DEBUG - Vérification du chemin: plugins/delete_printer
2025-04-11 13:35:31,543 - pcUtils.plugin_utils - DEBUG - Dossier trouvé: delete_printer
2025-04-11 13:35:31,543 - pcUtils.plugin_utils - DEBUG - Recherche des paramètres dans: plugins/delete_printer/settings.yml
2025-04-11 13:35:31,548 - pcUtils.plugin_utils - DEBUG - Paramètres chargés avec succès pour delete_printer
2025-04-11 13:35:31,549 - pcUtils.sequence_handler - DEBUG - Initialisation du gestionnaire de séquences: sequences
2025-04-11 13:35:31,553 - pcUtils.sequence_handler - INFO - Séquence chargée et mise en cache: Séquence remplacement imprimante(s)
2025-04-11 13:35:31,553 - pcUtils.sequence_handler - DEBUG - Initialisation du gestionnaire de séquences: sequences
2025-04-11 13:35:33,087 - pcUtils.plugin_utils - DEBUG - Chargement des informations pour le plugin: delete_printer
2025-04-11 13:35:33,087 - pcUtils.plugin_utils - DEBUG - Recherche du dossier pour le plugin: delete_printer
2025-04-11 13:35:33,087 - pcUtils.plugin_utils - DEBUG - Nom de base extrait: delete_printer
2025-04-11 13:35:33,087 - pcUtils.plugin_utils - DEBUG - Vérification du chemin: plugins/delete_printer_test
2025-04-11 13:35:33,088 - pcUtils.plugin_utils - DEBUG - Vérification du chemin: plugins/delete_printer
2025-04-11 13:35:33,088 - pcUtils.plugin_utils - DEBUG - Dossier trouvé: delete_printer
2025-04-11 13:35:33,088 - pcUtils.plugin_utils - DEBUG - Recherche des paramètres dans: plugins/delete_printer/settings.yml
2025-04-11 13:35:33,096 - pcUtils.plugin_utils - DEBUG - Paramètres chargés avec succès pour delete_printer
2025-04-11 13:35:33,098 - pcUtils.choice_screen - DEBUG - Changement sélection: delete_printer -> True
2025-04-11 13:35:33,098 - pcUtils.plugin_utils - DEBUG - Chargement des informations pour le plugin: delete_printer
2025-04-11 13:35:33,098 - pcUtils.plugin_utils - DEBUG - Recherche du dossier pour le plugin: delete_printer
2025-04-11 13:35:33,098 - pcUtils.plugin_utils - DEBUG - Nom de base extrait: delete_printer
2025-04-11 13:35:33,098 - pcUtils.plugin_utils - DEBUG - Vérification du chemin: plugins/delete_printer_test
2025-04-11 13:35:33,098 - pcUtils.plugin_utils - DEBUG - Vérification du chemin: plugins/delete_printer
2025-04-11 13:35:33,099 - pcUtils.plugin_utils - DEBUG - Dossier trouvé: delete_printer
2025-04-11 13:35:33,099 - pcUtils.plugin_utils - DEBUG - Recherche des paramètres dans: plugins/delete_printer/settings.yml
2025-04-11 13:35:33,105 - pcUtils.plugin_utils - DEBUG - Paramètres chargés avec succès pour delete_printer
2025-04-11 13:35:33,105 - pcUtils.choice_screen - DEBUG - Plugin ajouté: delete_printer (ID: 1)
2025-04-11 13:35:33,106 - pcUtils.plugin_list_item - DEBUG - Plugin avec config: delete_printer
2025-04-11 13:35:33,106 - pcUtils.plugin_utils - DEBUG - Chargement des informations pour le plugin: delete_printer
2025-04-11 13:35:33,106 - pcUtils.plugin_utils - DEBUG - Recherche du dossier pour le plugin: delete_printer
2025-04-11 13:35:33,106 - pcUtils.plugin_utils - DEBUG - Nom de base extrait: delete_printer
2025-04-11 13:35:33,106 - pcUtils.plugin_utils - DEBUG - Vérification du chemin: plugins/delete_printer_test
2025-04-11 13:35:33,106 - pcUtils.plugin_utils - DEBUG - Vérification du chemin: plugins/delete_printer
2025-04-11 13:35:33,106 - pcUtils.plugin_utils - DEBUG - Dossier trouvé: delete_printer
2025-04-11 13:35:33,106 - pcUtils.plugin_utils - DEBUG - Recherche des paramètres dans: plugins/delete_printer/settings.yml
2025-04-11 13:35:33,112 - pcUtils.plugin_utils - DEBUG - Paramètres chargés avec succès pour delete_printer
2025-04-11 13:35:33,112 - pcUtils.plugin_list_item - DEBUG - Info du plugin/séquence chargées pour delete_printer
2025-04-11 13:35:33,113 - pcUtils.selected_plugins_panel - DEBUG - Panneau mis à jour avec 1 plugins
2025-04-11 13:35:33,113 - pcUtils.choice_screen - DEBUG - Affichage des plugins sélectionnés mis à jour
2025-04-11 13:35:33,113 - pcUtils.plugin_list_item - DEBUG - Composition de l'élément delete_printer (is_sequence: False)
2025-04-11 13:35:34,312 - pcUtils.choice_screen - DEBUG - Bouton cliqué: configure_selected
2025-04-11 13:35:34,312 - pcUtils.choice_screen - DEBUG - Début de la configuration des plugins sélectionnés
2025-04-11 13:35:34,313 - pcUtils.config_screen - DEBUG - === Début Initialisation de PluginConfig ===
2025-04-11 13:35:34,313 - pcUtils.sequence_config_manager - DEBUG - Gestionnaire de configuration des séquences initialisé
2025-04-11 13:35:34,313 - pcUtils.config_screen - DEBUG - Création ConfigManager
2025-04-11 13:35:34,313 - pcUtils.config_manager - DEBUG - ConfigManager initialisé
2025-04-11 13:35:34,314 - pcUtils.config_screen - DEBUG - Chargement config SSH depuis: /media/nico/Drive/pcUtils_internet/ui/ssh_manager/ssh_fields.yml
2025-04-11 13:35:34,333 - pcUtils.config_manager - DEBUG - Configuration globale 'ssh' chargée: 5 clés
2025-04-11 13:35:34,333 - pcUtils.plugin_utils - DEBUG - Recherche du dossier pour le plugin: delete_printer
2025-04-11 13:35:34,333 - pcUtils.plugin_utils - DEBUG - Nom de base extrait: delete_printer
2025-04-11 13:35:34,333 - pcUtils.plugin_utils - DEBUG - Vérification du chemin: plugins/delete_printer_test
2025-04-11 13:35:34,333 - pcUtils.plugin_utils - DEBUG - Vérification du chemin: plugins/delete_printer
2025-04-11 13:35:34,333 - pcUtils.plugin_utils - DEBUG - Dossier trouvé: delete_printer
2025-04-11 13:35:34,334 - pcUtils.config_screen - DEBUG - Chargement config plugin depuis: /media/nico/Drive/pcUtils_internet/plugins/delete_printer/settings.yml
2025-04-11 13:35:34,340 - pcUtils.config_manager - DEBUG - Configuration plugin 'delete_printer' chargée: 9 clés
2025-04-11 13:35:34,341 - pcUtils.config_screen - DEBUG - Configuration par défaut chargée pour delete_printer_1: {'printer_all': True}
2025-04-11 13:35:34,341 - pcUtils.sequence_config_manager - DEBUG - === DÉBUT FUSION DES CONFIGURATIONS ===
2025-04-11 13:35:34,341 - pcUtils.sequence_config_manager - DEBUG - Instances de plugins dans la séquence: {}
2025-04-11 13:35:34,341 - pcUtils.sequence_config_manager - DEBUG - Traitement du plugin delete_printer_1 (instance 1 de delete_printer)
2025-04-11 13:35:34,341 - pcUtils.sequence_config_manager - DEBUG - Aucune configuration de séquence pour delete_printer
2025-04-11 13:35:34,341 - pcUtils.sequence_config_manager - DEBUG - Configuration finale pour delete_printer_1: 0 paramètres
2025-04-11 13:35:34,341 - pcUtils.sequence_config_manager - DEBUG - === FIN FUSION DES CONFIGURATIONS ===
2025-04-11 13:35:34,341 - pcUtils.config_screen - DEBUG - Configurations finales après fusion: 1 plugins configurés
2025-04-11 13:35:34,341 - pcUtils.config_screen - DEBUG - PluginConfig initialized successfully
2025-04-11 13:35:34,368 - pcUtils.config_screen - DEBUG - PluginConfig.compose() started
2025-04-11 13:35:34,368 - pcUtils.plugin_utils - DEBUG - Recherche du dossier pour le plugin: delete_printer
2025-04-11 13:35:34,368 - pcUtils.plugin_utils - DEBUG - Nom de base extrait: delete_printer
2025-04-11 13:35:34,368 - pcUtils.plugin_utils - DEBUG - Vérification du chemin: plugins/delete_printer_test
2025-04-11 13:35:34,368 - pcUtils.plugin_utils - DEBUG - Vérification du chemin: plugins/delete_printer
2025-04-11 13:35:34,368 - pcUtils.plugin_utils - DEBUG - Dossier trouvé: delete_printer
2025-04-11 13:35:34,374 - pcUtils.config_screen - DEBUG - Plugin avec support d'exécution distante trouvé: delete_printer
2025-04-11 13:35:34,375 - pcUtils.config_screen - DEBUG - Has remote plugins: True
2025-04-11 13:35:34,375 - pcUtils.config_screen - DEBUG - Creating config for plugin: delete_printer_1
2025-04-11 13:35:34,375 - pcUtils.config_screen - DEBUG - Valeurs actuelles trouvées pour delete_printer_1: 0 paramètres
2025-04-11 13:35:34,375 - pcUtils.config_container - DEBUG - Conteneur de configuration initialisé pour delete_printer_1 (instance: 1)
2025-04-11 13:35:34,375 - pcUtils.template_manager - DEBUG - Répertoire des templates: /media/nico/Drive/pcUtils_internet/templates
2025-04-11 13:35:34,375 - pcUtils.template_manager - DEBUG - Aucun schéma de validation trouvé, utilisation des validations par défaut
2025-04-11 13:35:34,375 - pcUtils.template_manager - DEBUG - Gestionnaire de templates initialisé avec répertoire: /media/nico/Drive/pcUtils_internet/templates
2025-04-11 13:35:34,375 - pcUtils.config_container - DEBUG - Analyse des dépendances pour 2 champs
2025-04-11 13:35:34,375 - pcUtils.config_container - DEBUG - Analyse des dépendances pour le champ printer_all_1
2025-04-11 13:35:34,375 - pcUtils.config_container - DEBUG - Analyse des dépendances pour le champ printer_ip_1
2025-04-11 13:35:34,375 - pcUtils.config_container - DEBUG - Dépendance 'enabled_if' trouvée: printer_all
2025-04-11 13:35:34,375 - pcUtils.config_container - DEBUG - Champ printer_ip_1 dépend de: {'printer_all'}
2025-04-11 13:35:34,376 - pcUtils.config_container - DEBUG - Champ printer_all_1 a pour dépendant: printer_ip_1
2025-04-11 13:35:34,376 - pcUtils.config_container - DEBUG - Analyse des dépendances terminée: 1 champs avec dépendances, 1 champs sources
2025-04-11 13:35:34,376 - pcUtils.plugin_config_container - DEBUG - Analyse des dépendances entre plugins pour 2 champs
2025-04-11 13:35:34,376 - pcUtils.plugin_config_container - DEBUG - Analyse des dépendances entre plugins terminée: 0 champs avec dépendances de plugins
2025-04-11 13:35:34,376 - pcUtils.plugin_config_container - DEBUG - PluginConfigContainer initialisé pour delete_printer_1 (instance: 1)
2025-04-11 13:35:34,377 - pcUtils.config_field - DEBUG - Unique ID généré à partir du source_id: printer_all_1
2025-04-11 13:35:34,377 - pcUtils.config_field - DEBUG - Valeur par défaut statique pour printer_all_1: True
2025-04-11 13:35:34,377 - pcUtils.config_field - DEBUG - Champ printer_all_1 initialisé avec valeur: True
2025-04-11 13:35:34,377 - pcUtils.checkbox_field - DEBUG - CheckboxField initialisé pour delete_printer_1.printer_all avec valeur True
2025-04-11 13:35:34,377 - pcUtils.config_screen - DEBUG - Champ créé: delete_printer_1.printer_all
2025-04-11 13:35:34,378 - pcUtils.config_field - DEBUG - Unique ID généré à partir du source_id: printer_ip_1
2025-04-11 13:35:34,378 - pcUtils.config_field - DEBUG - Champ printer_ip_1 a une dépendance d'activation: {'field': 'printer_all', 'value': False}
2025-04-11 13:35:34,378 - pcUtils.config_field - WARNING - Champ printer_all non trouvé
2025-04-11 13:35:34,378 - pcUtils.config_field - WARNING - Champ dépendant 'printer_all' non trouvé pour printer_ip_1
2025-04-11 13:35:34,378 - pcUtils.config_field - DEBUG - Champ printer_ip_1 désactivé, utilisation de la valeur par défaut originale
2025-04-11 13:35:34,378 - pcUtils.ip_field - DEBUG - 🔔 set_value() pour printer_ip, update_input=True
2025-04-11 13:35:34,378 - pcUtils.ip_field - DEBUG - ✓ Valeur interne déjà à '' pour printer_ip
2025-04-11 13:35:34,378 - pcUtils.config_field - DEBUG - Champ printer_ip_1 initialisé avec valeur: 
2025-04-11 13:35:34,378 - pcUtils.ip_field - DEBUG - Initialisation du champ IP printer_ip
2025-04-11 13:35:34,378 - pcUtils.config_screen - DEBUG - Champ créé: delete_printer_1.printer_ip
2025-04-11 13:35:34,378 - pcUtils.config_container - DEBUG - Analyse des dépendances pour 2 champs
2025-04-11 13:35:34,378 - pcUtils.config_container - DEBUG - Analyse des dépendances pour le champ printer_all_1
2025-04-11 13:35:34,378 - pcUtils.config_container - DEBUG - Analyse des dépendances pour le champ printer_ip_1
2025-04-11 13:35:34,379 - pcUtils.config_container - DEBUG - Dépendance 'enabled_if' trouvée: printer_all
2025-04-11 13:35:34,379 - pcUtils.config_container - DEBUG - Champ printer_ip_1 dépend de: {'printer_all'}
2025-04-11 13:35:34,379 - pcUtils.config_container - DEBUG - Champ printer_all_1 a pour dépendant: printer_ip_1
2025-04-11 13:35:34,379 - pcUtils.config_container - DEBUG - Analyse des dépendances terminée: 1 champs avec dépendances, 1 champs sources
2025-04-11 13:35:34,379 - pcUtils.plugin_config_container - DEBUG - Analyse des dépendances entre plugins pour 2 champs
2025-04-11 13:35:34,379 - pcUtils.plugin_config_container - DEBUG - Analyse des dépendances entre plugins terminée: 0 champs avec dépendances de plugins
2025-04-11 13:35:34,379 - pcUtils.config_screen - DEBUG - Ajout de la case à cocher d'exécution distante pour delete_printer_1
2025-04-11 13:35:34,379 - pcUtils.config_field - DEBUG - Unique ID généré à partir du source_id: remote_exec_1
2025-04-11 13:35:34,379 - pcUtils.config_field - DEBUG - Valeur par défaut statique pour remote_exec_1: False
2025-04-11 13:35:34,379 - pcUtils.config_field - DEBUG - Champ remote_exec_1 initialisé avec valeur: False
2025-04-11 13:35:34,379 - pcUtils.checkbox_field - DEBUG - CheckboxField initialisé pour delete_printer_1.remote_exec avec valeur False
2025-04-11 13:35:34,380 - pcUtils.config_screen - DEBUG - Case à cocher d'exécution distante ajoutée pour delete_printer_1
2025-04-11 13:35:34,380 - pcUtils.config_screen - DEBUG - Ajout de la case à cocher d'exécution distante pour delete_printer_1
2025-04-11 13:35:34,380 - pcUtils.config_field - DEBUG - Unique ID généré à partir du source_id: remote_exec_1
2025-04-11 13:35:34,380 - pcUtils.config_field - DEBUG - Valeur par défaut statique pour remote_exec_1: False
2025-04-11 13:35:34,380 - pcUtils.config_field - DEBUG - Champ remote_exec_1 initialisé avec valeur: False
2025-04-11 13:35:34,380 - pcUtils.checkbox_field - DEBUG - CheckboxField initialisé pour delete_printer_1.remote_exec avec valeur False
2025-04-11 13:35:34,381 - pcUtils.config_screen - DEBUG - Case à cocher d'exécution distante ajoutée pour delete_printer_1
2025-04-11 13:35:34,381 - pcUtils.config_screen - DEBUG - Ajout du conteneur SSH (contenu ajouté dans on_mount)
2025-04-11 13:35:34,382 - pcUtils.config_screen - DEBUG - PluginConfig.compose() completed
2025-04-11 13:35:34,397 - pcUtils.plugin_config_container - DEBUG - Création des champs pour delete_printer_1
2025-04-11 13:35:34,397 - pcUtils.plugin_config_container - DEBUG - Ajout du champ delete_printer_1.printer_all au config_area
2025-04-11 13:35:34,397 - pcUtils.plugin_config_container - ERROR - Erreur lors de la composition de l'interface pour delete_printer_1: Can't mount widget(s) before Container() is mounted
2025-04-11 13:35:34,397 - pcUtils.plugin_config_container - ERROR - Traceback (most recent call last):
  File "/media/nico/Drive/pcUtils_internet/ui/config_screen/plugin_config_container.py", line 110, in compose
    config_area.mount(field)
  File "/media/nico/Drive/pcUtils_internet/libs/textual-3.0.1-py3-none-any/textual/widget.py", line 1264, in mount
    raise MountError(f"Can't mount widget(s) before {self!r} is mounted")
textual.widget.MountError: Can't mount widget(s) before Container() is mounted

2025-04-11 13:35:34,410 - pcUtils.config_screen - DEBUG - PluginConfig.on_mount() completed
2025-04-11 13:35:34,466 - pcUtils.config_screen - DEBUG - Création des champs de configuration
2025-04-11 13:35:34,467 - pcUtils.config_screen - DEBUG - Nombre de containers trouvés: 0
2025-04-11 13:35:34,467 - pcUtils.config_screen - DEBUG - Création de 12 champs SSH
2025-04-11 13:35:34,468 - pcUtils.config_field - DEBUG - Unique ID = field_id: ssh_ips
2025-04-11 13:35:34,468 - pcUtils.config_field - DEBUG - Valeur par défaut statique pour ssh_ips: 192.168.1.136
2025-04-11 13:35:34,468 - pcUtils.text_field - DEBUG - [1] set_value(192.168.1.136) pour ssh_ips, update_input=True
2025-04-11 13:35:34,468 - pcUtils.text_field - DEBUG - Valeur interne mise à jour pour ssh_ips: '' → '192.168.1.136'
2025-04-11 13:35:34,468 - pcUtils.text_field - DEBUG - Widget input non créé pour ssh_ips, stockage de '192.168.1.136' en attente
2025-04-11 13:35:34,468 - pcUtils.text_field - WARNING - Pas de conteneur parent avec update_dependent_fields trouvé pour ssh_ips
2025-04-11 13:35:34,468 - pcUtils.text_field - DEBUG - set_value réussi pour ssh_ips
2025-04-11 13:35:34,468 - pcUtils.config_field - DEBUG - Champ ssh_ips initialisé avec valeur: 192.168.1.136
2025-04-11 13:35:34,469 - pcUtils.config_field - DEBUG - Unique ID = field_id: ssh_user
2025-04-11 13:35:34,469 - pcUtils.config_field - DEBUG - Valeur par défaut statique pour ssh_user: nico
2025-04-11 13:35:34,469 - pcUtils.text_field - DEBUG - [1] set_value(nico) pour ssh_user, update_input=True
2025-04-11 13:35:34,469 - pcUtils.text_field - DEBUG - Valeur interne mise à jour pour ssh_user: '' → 'nico'
2025-04-11 13:35:34,469 - pcUtils.text_field - DEBUG - Widget input non créé pour ssh_user, stockage de 'nico' en attente
2025-04-11 13:35:34,469 - pcUtils.text_field - WARNING - Pas de conteneur parent avec update_dependent_fields trouvé pour ssh_user
2025-04-11 13:35:34,469 - pcUtils.text_field - DEBUG - set_value réussi pour ssh_user
2025-04-11 13:35:34,469 - pcUtils.config_field - DEBUG - Champ ssh_user initialisé avec valeur: nico
2025-04-11 13:35:34,470 - pcUtils.config_field - DEBUG - Unique ID = field_id: ssh_passwd
2025-04-11 13:35:34,470 - pcUtils.config_field - DEBUG - Valeur par défaut statique pour ssh_passwd: orion1111
2025-04-11 13:35:34,470 - pcUtils.text_field - DEBUG - [1] set_value(orion1111) pour ssh_passwd, update_input=True
2025-04-11 13:35:34,470 - pcUtils.text_field - DEBUG - Valeur interne mise à jour pour ssh_passwd: '' → 'orion1111'
2025-04-11 13:35:34,470 - pcUtils.text_field - DEBUG - Widget input non créé pour ssh_passwd, stockage de 'orion1111' en attente
2025-04-11 13:35:34,471 - pcUtils.text_field - WARNING - Pas de conteneur parent avec update_dependent_fields trouvé pour ssh_passwd
2025-04-11 13:35:34,471 - pcUtils.text_field - DEBUG - set_value réussi pour ssh_passwd
2025-04-11 13:35:34,471 - pcUtils.config_field - DEBUG - Champ ssh_passwd initialisé avec valeur: orion1111
2025-04-11 13:35:34,471 - pcUtils.config_field - DEBUG - Unique ID = field_id: ssh_sms_enabled
2025-04-11 13:35:34,471 - pcUtils.config_field - DEBUG - Valeur par défaut statique pour ssh_sms_enabled: False
2025-04-11 13:35:34,472 - pcUtils.config_field - DEBUG - Champ ssh_sms_enabled initialisé avec valeur: False
2025-04-11 13:35:34,472 - pcUtils.checkbox_field - DEBUG - CheckboxField initialisé pour ssh.ssh_sms_enabled avec valeur False
2025-04-11 13:35:34,472 - pcUtils.config_field - DEBUG - Unique ID = field_id: ssh_sms
2025-04-11 13:35:34,472 - pcUtils.config_field - DEBUG - Champ ssh_sms a une dépendance d'activation: {'field': 'ssh_sms_enabled', 'value': True}
2025-04-11 13:35:34,472 - pcUtils.config_field - DEBUG - Vérification condition d'activation pour ssh_sms: False == True => False
2025-04-11 13:35:34,473 - pcUtils.config_field - DEBUG - Champ ssh_sms désactivé, utilisation de la valeur par défaut originale
2025-04-11 13:35:34,473 - pcUtils.text_field - DEBUG - [1] set_value(ggd027sf) pour ssh_sms, update_input=True
2025-04-11 13:35:34,473 - pcUtils.text_field - DEBUG - Valeur interne mise à jour pour ssh_sms: '' → 'ggd027sf'
2025-04-11 13:35:34,473 - pcUtils.text_field - DEBUG - Widget input non créé pour ssh_sms, stockage de 'ggd027sf' en attente
2025-04-11 13:35:34,473 - pcUtils.text_field - WARNING - Pas de conteneur parent avec update_dependent_fields trouvé pour ssh_sms
2025-04-11 13:35:34,473 - pcUtils.text_field - DEBUG - set_value réussi pour ssh_sms
2025-04-11 13:35:34,473 - pcUtils.config_field - DEBUG - Champ ssh_sms initialisé avec valeur: ggd027sf
2025-04-11 13:35:34,474 - pcUtils.config_field - DEBUG - Unique ID = field_id: ssh_lrpgn_enabled
2025-04-11 13:35:34,474 - pcUtils.config_field - DEBUG - Valeur par défaut statique pour ssh_lrpgn_enabled: False
2025-04-11 13:35:34,474 - pcUtils.config_field - DEBUG - Champ ssh_lrpgn_enabled initialisé avec valeur: False
2025-04-11 13:35:34,474 - pcUtils.checkbox_field - DEBUG - CheckboxField initialisé pour ssh.ssh_lrpgn_enabled avec valeur False
2025-04-11 13:35:34,475 - pcUtils.config_field - DEBUG - Unique ID = field_id: ssh_lrpgn
2025-04-11 13:35:34,476 - pcUtils.config_field - DEBUG - Champ ssh_lrpgn a une dépendance d'activation: {'field': 'ssh_lrpgn_enabled', 'value': True}
2025-04-11 13:35:34,476 - pcUtils.config_field - DEBUG - Vérification condition d'activation pour ssh_lrpgn: False == True => False
2025-04-11 13:35:34,476 - pcUtils.config_field - DEBUG - Champ ssh_lrpgn désactivé, utilisation de la valeur par défaut originale
2025-04-11 13:35:34,476 - pcUtils.text_field - DEBUG - [1] set_value(travail/commun/Icare/Configuration) pour ssh_lrpgn, update_input=True
2025-04-11 13:35:34,476 - pcUtils.text_field - DEBUG - Valeur interne mise à jour pour ssh_lrpgn: '' → 'travail/commun/Icare/Configuration'
2025-04-11 13:35:34,476 - pcUtils.text_field - DEBUG - Widget input non créé pour ssh_lrpgn, stockage de 'travail/commun/Icare/Configuration' en attente
2025-04-11 13:35:34,476 - pcUtils.text_field - WARNING - Pas de conteneur parent avec update_dependent_fields trouvé pour ssh_lrpgn
2025-04-11 13:35:34,476 - pcUtils.text_field - DEBUG - set_value réussi pour ssh_lrpgn
2025-04-11 13:35:34,476 - pcUtils.config_field - DEBUG - Champ ssh_lrpgn initialisé avec valeur: travail/commun/Icare/Configuration
2025-04-11 13:35:34,477 - pcUtils.config_field - DEBUG - Unique ID = field_id: ssh_exception_ips
2025-04-11 13:35:34,477 - pcUtils.config_field - DEBUG - Valeur par défaut statique pour ssh_exception_ips: None
2025-04-11 13:35:34,477 - pcUtils.text_field - DEBUG - [1] set_value() pour ssh_exception_ips, update_input=True
2025-04-11 13:35:34,477 - pcUtils.text_field - DEBUG - Valeur interne déjà à '' pour ssh_exception_ips
2025-04-11 13:35:34,477 - pcUtils.config_field - DEBUG - Champ ssh_exception_ips initialisé avec valeur: 
2025-04-11 13:35:34,478 - pcUtils.config_field - DEBUG - Unique ID = field_id: ssh_root_same
2025-04-11 13:35:34,478 - pcUtils.config_field - DEBUG - Valeur par défaut statique pour ssh_root_same: True
2025-04-11 13:35:34,478 - pcUtils.config_field - DEBUG - Champ ssh_root_same initialisé avec valeur: True
2025-04-11 13:35:34,478 - pcUtils.checkbox_field - DEBUG - CheckboxField initialisé pour ssh.ssh_root_same avec valeur True
2025-04-11 13:35:34,479 - pcUtils.config_field - DEBUG - Unique ID = field_id: ssh_root_user
2025-04-11 13:35:34,479 - pcUtils.config_field - DEBUG - Champ ssh_root_user a une dépendance d'activation: {'field': 'ssh_root_same', 'value': False}
2025-04-11 13:35:34,479 - pcUtils.config_field - DEBUG - Vérification condition d'activation pour ssh_root_user: True == False => False
2025-04-11 13:35:34,479 - pcUtils.config_field - DEBUG - Champ ssh_root_user désactivé, utilisation de la valeur par défaut originale
2025-04-11 13:35:34,479 - pcUtils.text_field - DEBUG - [1] set_value(nico) pour ssh_root_user, update_input=True
2025-04-11 13:35:34,479 - pcUtils.text_field - DEBUG - Valeur interne mise à jour pour ssh_root_user: '' → 'nico'
2025-04-11 13:35:34,480 - pcUtils.text_field - DEBUG - Widget input non créé pour ssh_root_user, stockage de 'nico' en attente
2025-04-11 13:35:34,480 - pcUtils.text_field - WARNING - Pas de conteneur parent avec update_dependent_fields trouvé pour ssh_root_user
2025-04-11 13:35:34,480 - pcUtils.text_field - DEBUG - set_value réussi pour ssh_root_user
2025-04-11 13:35:34,480 - pcUtils.config_field - DEBUG - Champ ssh_root_user initialisé avec valeur: nico
2025-04-11 13:35:34,481 - pcUtils.config_field - DEBUG - Unique ID = field_id: ssh_root_passwd
2025-04-11 13:35:34,481 - pcUtils.config_field - DEBUG - Champ ssh_root_passwd a une dépendance d'activation: {'field': 'ssh_root_same', 'value': False}
2025-04-11 13:35:34,481 - pcUtils.config_field - DEBUG - Vérification condition d'activation pour ssh_root_passwd: True == False => False
2025-04-11 13:35:34,481 - pcUtils.config_field - DEBUG - Champ ssh_root_passwd désactivé, utilisation de la valeur par défaut originale
2025-04-11 13:35:34,481 - pcUtils.text_field - DEBUG - [1] set_value(orion1111) pour ssh_root_passwd, update_input=True
2025-04-11 13:35:34,481 - pcUtils.text_field - DEBUG - Valeur interne mise à jour pour ssh_root_passwd: '' → 'orion1111'
2025-04-11 13:35:34,481 - pcUtils.text_field - DEBUG - Widget input non créé pour ssh_root_passwd, stockage de 'orion1111' en attente
2025-04-11 13:35:34,481 - pcUtils.text_field - WARNING - Pas de conteneur parent avec update_dependent_fields trouvé pour ssh_root_passwd
2025-04-11 13:35:34,481 - pcUtils.text_field - DEBUG - set_value réussi pour ssh_root_passwd
2025-04-11 13:35:34,481 - pcUtils.config_field - DEBUG - Champ ssh_root_passwd initialisé avec valeur: orion1111
2025-04-11 13:35:34,482 - pcUtils.config_field - DEBUG - Unique ID = field_id: ssh_port
2025-04-11 13:35:34,482 - pcUtils.config_field - DEBUG - Valeur par défaut statique pour ssh_port: 22
2025-04-11 13:35:34,482 - pcUtils.text_field - DEBUG - [1] set_value(22) pour ssh_port, update_input=True
2025-04-11 13:35:34,482 - pcUtils.text_field - DEBUG - Valeur interne mise à jour pour ssh_port: '' → '22'
2025-04-11 13:35:34,482 - pcUtils.text_field - DEBUG - Widget input non créé pour ssh_port, stockage de '22' en attente
2025-04-11 13:35:34,482 - pcUtils.text_field - WARNING - Pas de conteneur parent avec update_dependent_fields trouvé pour ssh_port
2025-04-11 13:35:34,482 - pcUtils.text_field - DEBUG - set_value réussi pour ssh_port
2025-04-11 13:35:34,482 - pcUtils.config_field - DEBUG - Champ ssh_port initialisé avec valeur: 22
2025-04-11 13:35:34,483 - pcUtils.config_screen - DEBUG - Conteneur SSH rempli avec succès
2025-04-11 13:35:34,483 - pcUtils.config_screen - DEBUG - Total de 0 containers et 15 champs
2025-04-11 13:35:34,484 - pcUtils.text_field - DEBUG - Pas de conteneur parent trouvé pour ssh_ips
2025-04-11 13:35:34,484 - pcUtils.text_field - DEBUG - Création du widget input pour ssh_ips avec valeur: '192.168.1.136'
2025-04-11 13:35:34,490 - pcUtils.text_field - DEBUG - Pas de conteneur parent trouvé pour ssh_user
2025-04-11 13:35:34,491 - pcUtils.text_field - DEBUG - Création du widget input pour ssh_user avec valeur: 'nico'
2025-04-11 13:35:34,492 - pcUtils.text_field - DEBUG - Pas de conteneur parent trouvé pour ssh_passwd
2025-04-11 13:35:34,492 - pcUtils.text_field - DEBUG - Création du widget input pour ssh_passwd avec valeur: 'orion1111'
2025-04-11 13:35:34,494 - pcUtils.checkbox_field - DEBUG - Pas de conteneur parent trouvé pour ssh_sms_enabled
2025-04-11 13:35:34,494 - pcUtils.checkbox_field - DEBUG - Création du checkbox ssh_sms_enabled avec valeur False
2025-04-11 13:35:34,495 - pcUtils.config_field - DEBUG - Vérification condition d'activation pour ssh_sms: False == True => False
2025-04-11 13:35:34,495 - pcUtils.config_field - DEBUG - Vérification d'état initial pour ssh_sms via enabled_if: False
2025-04-11 13:35:34,496 - pcUtils.text_field - DEBUG - État du champ ssh_sms défini à: désactivé
2025-04-11 13:35:34,496 - pcUtils.text_field - DEBUG - Pas de conteneur parent trouvé pour ssh_sms
2025-04-11 13:35:34,496 - pcUtils.text_field - DEBUG - Création du widget input pour ssh_sms avec valeur: 'ggd027sf'
2025-04-11 13:35:34,497 - pcUtils.text_field - DEBUG - Champ ssh_sms désactivé initialement
2025-04-11 13:35:34,498 - pcUtils.checkbox_field - DEBUG - Pas de conteneur parent trouvé pour ssh_lrpgn_enabled
2025-04-11 13:35:34,498 - pcUtils.checkbox_field - DEBUG - Création du checkbox ssh_lrpgn_enabled avec valeur False
2025-04-11 13:35:34,500 - pcUtils.config_field - DEBUG - Vérification condition d'activation pour ssh_lrpgn: False == True => False
2025-04-11 13:35:34,500 - pcUtils.config_field - DEBUG - Vérification d'état initial pour ssh_lrpgn via enabled_if: False
2025-04-11 13:35:34,500 - pcUtils.text_field - DEBUG - État du champ ssh_lrpgn défini à: désactivé
2025-04-11 13:35:34,500 - pcUtils.text_field - DEBUG - Pas de conteneur parent trouvé pour ssh_lrpgn
2025-04-11 13:35:34,500 - pcUtils.text_field - DEBUG - Création du widget input pour ssh_lrpgn avec valeur: 'travail/commun/Icare/Configuration'
2025-04-11 13:35:34,503 - pcUtils.text_field - DEBUG - Champ ssh_lrpgn désactivé initialement
2025-04-11 13:35:34,504 - pcUtils.text_field - DEBUG - Pas de conteneur parent trouvé pour ssh_exception_ips
2025-04-11 13:35:34,504 - pcUtils.text_field - DEBUG - Création du widget input pour ssh_exception_ips avec valeur: ''
2025-04-11 13:35:34,506 - pcUtils.checkbox_field - DEBUG - Pas de conteneur parent trouvé pour ssh_root_same
2025-04-11 13:35:34,506 - pcUtils.checkbox_field - DEBUG - Création du checkbox ssh_root_same avec valeur True
2025-04-11 13:35:34,507 - pcUtils.config_field - DEBUG - Vérification condition d'activation pour ssh_root_user: True == False => False
2025-04-11 13:35:34,507 - pcUtils.config_field - DEBUG - Vérification d'état initial pour ssh_root_user via enabled_if: False
2025-04-11 13:35:34,508 - pcUtils.text_field - DEBUG - État du champ ssh_root_user défini à: désactivé
2025-04-11 13:35:34,508 - pcUtils.text_field - DEBUG - Pas de conteneur parent trouvé pour ssh_root_user
2025-04-11 13:35:34,508 - pcUtils.text_field - DEBUG - Création du widget input pour ssh_root_user avec valeur: 'nico'
2025-04-11 13:35:34,510 - pcUtils.text_field - DEBUG - Champ ssh_root_user désactivé initialement
2025-04-11 13:35:34,511 - pcUtils.config_field - DEBUG - Vérification condition d'activation pour ssh_root_passwd: True == False => False
2025-04-11 13:35:34,511 - pcUtils.config_field - DEBUG - Vérification d'état initial pour ssh_root_passwd via enabled_if: False
2025-04-11 13:35:34,512 - pcUtils.text_field - DEBUG - État du champ ssh_root_passwd défini à: désactivé
2025-04-11 13:35:34,512 - pcUtils.text_field - DEBUG - Pas de conteneur parent trouvé pour ssh_root_passwd
2025-04-11 13:35:34,512 - pcUtils.text_field - DEBUG - Création du widget input pour ssh_root_passwd avec valeur: 'orion1111'
2025-04-11 13:35:34,513 - pcUtils.text_field - DEBUG - Champ ssh_root_passwd désactivé initialement
2025-04-11 13:35:34,514 - pcUtils.password_field - DEBUG - PasswordField ssh_root_passwd is initially disabled
2025-04-11 13:35:34,517 - pcUtils.text_field - DEBUG - Pas de conteneur parent trouvé pour ssh_port
2025-04-11 13:35:34,517 - pcUtils.text_field - DEBUG - Création du widget input pour ssh_port avec valeur: '22'
2025-04-11 13:35:34,518 - pcUtils.choice_screen - DEBUG - Écran de configuration affiché
2025-04-11 13:35:34,518 - pcUtils.choice_screen - DEBUG - Configuration récupérée: 1 plugins
2025-04-11 13:35:34,518 - pcUtils.choice_screen - DEBUG - Config mise à jour pour delete_printer (ID: 1)
2025-04-11 13:35:34,519 - pcUtils.plugin_list_item - DEBUG - Plugin avec config: delete_printer
2025-04-11 13:35:34,519 - pcUtils.plugin_utils - DEBUG - Chargement des informations pour le plugin: delete_printer
2025-04-11 13:35:34,519 - pcUtils.plugin_utils - DEBUG - Recherche du dossier pour le plugin: delete_printer
2025-04-11 13:35:34,519 - pcUtils.plugin_utils - DEBUG - Nom de base extrait: delete_printer
2025-04-11 13:35:34,519 - pcUtils.plugin_utils - DEBUG - Vérification du chemin: plugins/delete_printer_test
2025-04-11 13:35:34,519 - pcUtils.plugin_utils - DEBUG - Vérification du chemin: plugins/delete_printer
2025-04-11 13:35:34,519 - pcUtils.plugin_utils - DEBUG - Dossier trouvé: delete_printer
2025-04-11 13:35:34,519 - pcUtils.plugin_utils - DEBUG - Recherche des paramètres dans: plugins/delete_printer/settings.yml
2025-04-11 13:35:34,525 - pcUtils.plugin_utils - DEBUG - Paramètres chargés avec succès pour delete_printer
2025-04-11 13:35:34,525 - pcUtils.plugin_list_item - DEBUG - Info du plugin/séquence chargées pour delete_printer
2025-04-11 13:35:34,526 - pcUtils.selected_plugins_panel - DEBUG - Panneau mis à jour avec 1 plugins
2025-04-11 13:35:34,526 - pcUtils.choice_screen - DEBUG - Affichage des plugins sélectionnés mis à jour
2025-04-11 13:35:34,552 - pcUtils.plugin_list_item - DEBUG - Composition de l'élément delete_printer (is_sequence: False)
2025-04-11 13:35:34,581 - pcUtils.text_field - DEBUG - Montage du champ ssh_ips
2025-04-11 13:35:34,582 - pcUtils.text_field - DEBUG - Application de la valeur en attente '192.168.1.136' pour ssh_ips
2025-04-11 13:35:34,582 - pcUtils.text_field - DEBUG - Widget déjà à la valeur '192.168.1.136' pour ssh_ips
2025-04-11 13:35:34,582 - pcUtils.text_field - DEBUG - Valeur déjà à '192.168.1.136' pour ssh_ips
2025-04-11 13:35:34,582 - pcUtils.text_field - DEBUG - Montage du champ ssh_user
2025-04-11 13:35:34,582 - pcUtils.text_field - DEBUG - Application de la valeur en attente 'nico' pour ssh_user
2025-04-11 13:35:34,582 - pcUtils.text_field - DEBUG - Widget déjà à la valeur 'nico' pour ssh_user
2025-04-11 13:35:34,583 - pcUtils.text_field - DEBUG - Valeur déjà à 'nico' pour ssh_user
2025-04-11 13:35:34,583 - pcUtils.text_field - DEBUG - Montage du champ ssh_passwd
2025-04-11 13:35:34,583 - pcUtils.text_field - DEBUG - Application de la valeur en attente 'orion1111' pour ssh_passwd
2025-04-11 13:35:34,583 - pcUtils.text_field - DEBUG - Widget déjà à la valeur 'orion1111' pour ssh_passwd
2025-04-11 13:35:34,583 - pcUtils.text_field - DEBUG - Valeur déjà à 'orion1111' pour ssh_passwd
2025-04-11 13:35:34,583 - pcUtils.text_field - DEBUG - Montage du champ ssh_sms
2025-04-11 13:35:34,583 - pcUtils.text_field - DEBUG - Application de la valeur en attente 'ggd027sf' pour ssh_sms
2025-04-11 13:35:34,584 - pcUtils.text_field - DEBUG - Widget déjà à la valeur 'ggd027sf' pour ssh_sms
2025-04-11 13:35:34,584 - pcUtils.text_field - DEBUG - Valeur déjà à 'ggd027sf' pour ssh_sms
2025-04-11 13:35:34,584 - pcUtils.text_field - DEBUG - Montage du champ ssh_lrpgn
2025-04-11 13:35:34,584 - pcUtils.text_field - DEBUG - Application de la valeur en attente 'travail/commun/Icare/Configuration' pour ssh_lrpgn
2025-04-11 13:35:34,584 - pcUtils.text_field - DEBUG - Widget déjà à la valeur 'travail/commun/Icare/Configuration' pour ssh_lrpgn
2025-04-11 13:35:34,584 - pcUtils.text_field - DEBUG - Valeur déjà à 'travail/commun/Icare/Configuration' pour ssh_lrpgn
2025-04-11 13:35:34,585 - pcUtils.text_field - DEBUG - Montage du champ ssh_exception_ips
2025-04-11 13:35:34,585 - pcUtils.text_field - DEBUG - Pas de valeur en attente pour ssh_exception_ips, valeur actuelle: ''
2025-04-11 13:35:34,585 - pcUtils.text_field - DEBUG - Montage du champ ssh_root_user
2025-04-11 13:35:34,585 - pcUtils.text_field - DEBUG - Application de la valeur en attente 'nico' pour ssh_root_user
2025-04-11 13:35:34,585 - pcUtils.text_field - DEBUG - Widget déjà à la valeur 'nico' pour ssh_root_user
2025-04-11 13:35:34,585 - pcUtils.text_field - DEBUG - Valeur déjà à 'nico' pour ssh_root_user
2025-04-11 13:35:34,586 - pcUtils.text_field - DEBUG - Montage du champ ssh_root_passwd
2025-04-11 13:35:34,586 - pcUtils.text_field - DEBUG - Application de la valeur en attente 'orion1111' pour ssh_root_passwd
2025-04-11 13:35:34,586 - pcUtils.text_field - DEBUG - Widget déjà à la valeur 'orion1111' pour ssh_root_passwd
2025-04-11 13:35:34,586 - pcUtils.text_field - DEBUG - Valeur déjà à 'orion1111' pour ssh_root_passwd
2025-04-11 13:35:34,586 - pcUtils.text_field - DEBUG - Montage du champ ssh_port
2025-04-11 13:35:34,586 - pcUtils.text_field - DEBUG - Application de la valeur en attente '22' pour ssh_port
2025-04-11 13:35:34,586 - pcUtils.text_field - DEBUG - Widget déjà à la valeur '22' pour ssh_port
2025-04-11 13:35:34,586 - pcUtils.text_field - DEBUG - Valeur déjà à '22' pour ssh_port
2025-04-11 13:35:39,081 - pcUtils.choice_screen - DEBUG - Quitter l'application
