[2025-03-21 14:34:01,264] [DEBUG] Début de l'exécution du plugin add_printer
[2025-03-21 14:34:01,264] [INFO] Recherche de toutes les imprimantes réseau
[2025-03-21 14:34:01,564] [WARNING] Aucune imprimante réseau n'a été trouvée
[2025-03-21 14:34:01,565] [INFO] Redémarrage du service CUPS
[2025-03-21 14:34:01,565] [INFO] Redémarrage du service cups
[2025-03-21 14:34:01,711] [INFO] [SUCCESS] Service cups redémarré avec succès
[2025-03-21 14:34:01,711] [INFO] [SUCCESS] Service CUPS redémarré avec succès
[2025-03-21 14:34:01,711] [INFO] [SUCCESS] Suppression(s) effectué(es) avec succès
[2025-03-21 14:34:01,911] [INFO] [SUCCESS] Succès: Suppression(s) effectué(es) avec succès
[2025-03-21 14:34:40,667] [DEBUG] Début de l'exécution du plugin add_printer
[2025-03-21 14:34:40,668] [INFO] Recherche de toutes les imprimantes réseau
[2025-03-21 14:34:40,966] [WARNING] Aucune imprimante réseau n'a été trouvée
[2025-03-21 14:34:40,966] [INFO] Redémarrage du service CUPS
[2025-03-21 14:34:40,966] [INFO] Redémarrage du service cups
[2025-03-21 14:34:41,106] [INFO] [SUCCESS] Service cups redémarré avec succès
[2025-03-21 14:34:41,106] [INFO] [SUCCESS] Service CUPS redémarré avec succès
[2025-03-21 14:34:41,106] [INFO] [SUCCESS] Suppression(s) effectué(es) avec succès
[2025-03-21 14:34:41,306] [INFO] [SUCCESS] Succès: Suppression(s) effectué(es) avec succès
[2025-03-21 14:35:51,203] [DEBUG] Début de l'exécution du plugin add_printer
[2025-03-21 14:35:51,203] [INFO] Recherche de toutes les imprimantes réseau
[2025-03-21 14:35:51,503] [WARNING] Aucune imprimante réseau n'a été trouvée
[2025-03-21 14:35:51,503] [INFO] Redémarrage du service CUPS
[2025-03-21 14:35:51,503] [INFO] Redémarrage du service cups
[2025-03-21 14:35:51,651] [INFO] [SUCCESS] Service cups redémarré avec succès
[2025-03-21 14:35:51,651] [INFO] [SUCCESS] Service CUPS redémarré avec succès
[2025-03-21 14:35:51,652] [INFO] [SUCCESS] Suppression(s) effectué(es) avec succès
[2025-03-21 14:35:51,852] [INFO] [SUCCESS] Succès: Suppression(s) effectué(es) avec succès
[2025-03-21 14:36:24,083] [INFO] Recherche de toutes les imprimantes réseau
[2025-03-21 14:36:24,383] [WARNING] Aucune imprimante réseau n'a été trouvée
[2025-03-21 14:36:24,383] [INFO] Redémarrage du service CUPS
[2025-03-21 14:36:24,383] [INFO] Redémarrage du service cups
[2025-03-21 14:36:24,542] [INFO] [SUCCESS] Service cups redémarré avec succès
[2025-03-21 14:36:24,542] [INFO] [SUCCESS] Service CUPS redémarré avec succès
[2025-03-21 14:36:24,542] [INFO] [SUCCESS] Suppression(s) effectué(es) avec succès
[2025-03-21 14:36:24,743] [INFO] [SUCCESS] Succès: Suppression(s) effectué(es) avec succès
[2025-03-21 14:37:08,090] [INFO] Recherche des imprimantes associées à l'IP None
[2025-03-21 14:37:08,399] [DEBUG] True
[2025-03-21 14:37:08,399] [DEBUG] scheduler is running
system default destination: KMC227_BT_Recto_NB
matériel pour KMC227-SOLC-Recto-Couleurs : lpd://128.81.4.184
matériel pour KMC227-SOLC-Recto-NB : lpd://128.81.4.184
matériel pour KMC227-SOLC-Recto-Verso-Couleurs : lpd://128.81.4.184
matériel pour KMC227-SOLC-Recto-Verso-NB : lpd://128.81.4.184
matériel pour KMC227_BT_Recto_Couleurs : ipp://128.81.4.184
matériel pour KMC227_BT_Recto_NB : ipp://128.81.4.184
matériel pour KMC227_BT_RectoVerso_Couleurs : ipp://128.81.4.184
matériel pour KMC227_BT_RectoVerso_NB : ipp://128.81.4.184
matériel pour KMC227_SOLC_Recto_NB : ipp://128.81.4.184
matériel pour KMC227_SOLC_RectoVerso_NB : ipp://128.81.4.184
matériel pour PDF : cups-pdf:/
KMC227-SOLC-Recto-Couleurs accepte des requêtes depuis lun. 20 janv. 2025 10:56:21
KMC227-SOLC-Recto-NB accepte des requêtes depuis mar. 10 déc. 2024 14:28:27
KMC227-SOLC-Recto-Verso-Couleurs accepte des requêtes depuis lun. 17 mars 2025 17:11:53
KMC227-SOLC-Recto-Verso-NB accepte des requêtes depuis jeu. 20 mars 2025 10:45:04
KMC227_BT_Recto_Couleurs accepte des requêtes depuis ven. 21 mars 2025 10:26:30
KMC227_BT_Recto_NB accepte des requêtes depuis jeu. 20 mars 2025 17:08:44
KMC227_BT_RectoVerso_Couleurs accepte des requêtes depuis ven. 21 mars 2025 10:26:30
KMC227_BT_RectoVerso_NB accepte des requêtes depuis jeu. 20 mars 2025 17:08:44
KMC227_SOLC_Recto_NB accepte des requêtes depuis ven. 21 mars 2025 10:29:07
KMC227_SOLC_RectoVerso_NB accepte des requêtes depuis ven. 21 mars 2025 10:29:07
PDF accepte des requêtes depuis jeu. 04 avril 2024 09:01:42
printer KMC227-SOLC-Recto-Couleurs is idle.  enabled since lun. 20 janv. 2025 10:56:21
printer KMC227-SOLC-Recto-NB is idle.  enabled since mar. 10 déc. 2024 14:28:27
printer KMC227-SOLC-Recto-Verso-Couleurs is idle.  enabled since lun. 17 mars 2025 17:11:53
printer KMC227-SOLC-Recto-Verso-NB is idle.  enabled since jeu. 20 mars 2025 10:45:04
printer KMC227_BT_Recto_Couleurs is idle.  enabled since ven. 21 mars 2025 10:26:30
printer KMC227_BT_Recto_NB is idle.  enabled since jeu. 20 mars 2025 17:08:44
printer KMC227_BT_RectoVerso_Couleurs is idle.  enabled since ven. 21 mars 2025 10:26:30
printer KMC227_BT_RectoVerso_NB is idle.  enabled since jeu. 20 mars 2025 17:08:44
printer KMC227_SOLC_Recto_NB is idle.  enabled since ven. 21 mars 2025 10:29:07
printer KMC227_SOLC_RectoVerso_NB is idle.  enabled since ven. 21 mars 2025 10:29:07
printer PDF is idle.  enabled since jeu. 04 avril 2024 09:01:42

[2025-03-21 14:37:08,399] [DEBUG] scheduler is running
[2025-03-21 14:37:08,399] [ERROR] Erreur inattendue: 'in <string>' requires string as left operand, not NoneType
[2025-03-21 14:37:08,400] [DEBUG] Traceback (most recent call last):
  File "/media/nicolas.voirin/Drive/pcUtils/plugins/delete_printer/exec.py", line 54, in execute_plugin
    returnValue = printer_manager.remove_printer_by_ip(printer_ip)
  File "/media/nicolas.voirin/Drive/pcUtils/plugins/loading_utils/printers.py", line 261, in remove_printer_by_ip
    if ip_address in line:
TypeError: 'in <string>' requires string as left operand, not NoneType

[2025-03-21 14:37:08,601] [ERROR] Échec: Erreur inattendue: 'in <string>' requires string as left operand, not NoneType
[2025-03-21 14:37:33,281] [INFO] Recherche des imprimantes associées à l'IP None
[2025-03-21 14:37:33,894] [ERROR] Erreur inattendue: 'in <string>' requires string as left operand, not NoneType
[2025-03-21 14:37:33,894] [DEBUG] Traceback (most recent call last):
  File "/media/nicolas.voirin/Drive/pcUtils/plugins/delete_printer/exec.py", line 54, in execute_plugin
    returnValue = printer_manager.remove_printer_by_ip(printer_ip)
  File "/media/nicolas.voirin/Drive/pcUtils/plugins/loading_utils/printers.py", line 265, in remove_printer_by_ip
    if ip_address in line and "device for " in line:
TypeError: 'in <string>' requires string as left operand, not NoneType

[2025-03-21 14:37:34,095] [ERROR] Échec: Erreur inattendue: 'in <string>' requires string as left operand, not NoneType
[2025-03-21 14:37:41,166] [INFO] Recherche des imprimantes associées à l'IP None
[2025-03-21 14:37:41,471] [ERROR] Erreur inattendue: 'in <string>' requires string as left operand, not NoneType
[2025-03-21 14:37:41,472] [DEBUG] Traceback (most recent call last):
  File "/media/nicolas.voirin/Drive/pcUtils/plugins/delete_printer/exec.py", line 54, in execute_plugin
    returnValue = printer_manager.remove_printer_by_ip(printer_ip)
  File "/media/nicolas.voirin/Drive/pcUtils/plugins/loading_utils/printers.py", line 260, in remove_printer_by_ip
    if ip_address in line:
TypeError: 'in <string>' requires string as left operand, not NoneType

[2025-03-21 14:37:41,672] [ERROR] Échec: Erreur inattendue: 'in <string>' requires string as left operand, not NoneType
[2025-03-21 14:38:19,145] [INFO] Recherche des imprimantes associées à l'IP None
[2025-03-21 14:38:19,457] [ERROR] Erreur inattendue: 'PrinterCommands' object has no attribute 'log'
[2025-03-21 14:38:19,458] [DEBUG] Traceback (most recent call last):
  File "/media/nicolas.voirin/Drive/pcUtils/plugins/delete_printer/exec.py", line 54, in execute_plugin
    returnValue = printer_manager.remove_printer_by_ip(printer_ip)
  File "/media/nicolas.voirin/Drive/pcUtils/plugins/loading_utils/printers.py", line 260, in remove_printer_by_ip
    self.log(line)
AttributeError: 'PrinterCommands' object has no attribute 'log'

[2025-03-21 14:38:19,658] [ERROR] Échec: Erreur inattendue: 'PrinterCommands' object has no attribute 'log'
[2025-03-21 14:38:32,720] [INFO] Recherche des imprimantes associées à l'IP None
[2025-03-21 14:38:33,022] [DEBUG] scheduler is running
[2025-03-21 14:38:33,022] [DEBUG] None
[2025-03-21 14:38:33,022] [ERROR] Erreur inattendue: 'in <string>' requires string as left operand, not NoneType
[2025-03-21 14:38:33,023] [DEBUG] Traceback (most recent call last):
  File "/media/nicolas.voirin/Drive/pcUtils/plugins/delete_printer/exec.py", line 54, in execute_plugin
    returnValue = printer_manager.remove_printer_by_ip(printer_ip)
  File "/media/nicolas.voirin/Drive/pcUtils/plugins/loading_utils/printers.py", line 262, in remove_printer_by_ip
    if ip_address in line:
TypeError: 'in <string>' requires string as left operand, not NoneType

[2025-03-21 14:38:33,224] [ERROR] Échec: Erreur inattendue: 'in <string>' requires string as left operand, not NoneType
[2025-03-21 14:39:30,193] [INFO] printer_ip:None
[2025-03-21 14:39:30,193] [INFO] Recherche des imprimantes associées à l'IP None
[2025-03-21 14:39:30,489] [DEBUG] scheduler is running
[2025-03-21 14:39:30,489] [DEBUG] None
[2025-03-21 14:39:30,489] [ERROR] Erreur inattendue: 'in <string>' requires string as left operand, not NoneType
[2025-03-21 14:39:30,489] [DEBUG] Traceback (most recent call last):
  File "/media/nicolas.voirin/Drive/pcUtils/plugins/delete_printer/exec.py", line 55, in execute_plugin
    returnValue = printer_manager.remove_printer_by_ip(printer_ip)
  File "/media/nicolas.voirin/Drive/pcUtils/plugins/loading_utils/printers.py", line 262, in remove_printer_by_ip
    if ip_address in line:
TypeError: 'in <string>' requires string as left operand, not NoneType

[2025-03-21 14:39:30,689] [ERROR] Échec: Erreur inattendue: 'in <string>' requires string as left operand, not NoneType
[2025-03-21 14:39:49,732] [INFO] printer_ip:128.81.4.184
[2025-03-21 14:39:49,733] [INFO] Recherche des imprimantes associées à l'IP 128.81.4.184
[2025-03-21 14:39:50,039] [DEBUG] scheduler is running
[2025-03-21 14:39:50,040] [DEBUG] 128.81.4.184
[2025-03-21 14:39:50,040] [DEBUG] system default destination: KMC227_BT_Recto_NB
[2025-03-21 14:39:50,040] [DEBUG] 128.81.4.184
[2025-03-21 14:39:50,040] [DEBUG] matériel pour KMC227-SOLC-Recto-Couleurs : lpd://128.81.4.184
[2025-03-21 14:39:50,040] [DEBUG] 128.81.4.184
[2025-03-21 14:39:50,040] [DEBUG] matériel pour KMC227-SOLC-Recto-NB : lpd://128.81.4.184
[2025-03-21 14:39:50,040] [DEBUG] 128.81.4.184
[2025-03-21 14:39:50,041] [DEBUG] matériel pour KMC227-SOLC-Recto-Verso-Couleurs : lpd://128.81.4.184
[2025-03-21 14:39:50,041] [DEBUG] 128.81.4.184
[2025-03-21 14:39:50,041] [DEBUG] matériel pour KMC227-SOLC-Recto-Verso-NB : lpd://128.81.4.184
[2025-03-21 14:39:50,041] [DEBUG] 128.81.4.184
[2025-03-21 14:39:50,041] [DEBUG] matériel pour KMC227_BT_Recto_Couleurs : ipp://128.81.4.184
[2025-03-21 14:39:50,041] [DEBUG] 128.81.4.184
[2025-03-21 14:39:50,041] [DEBUG] matériel pour KMC227_BT_Recto_NB : ipp://128.81.4.184
[2025-03-21 14:39:50,041] [DEBUG] 128.81.4.184
[2025-03-21 14:39:50,041] [DEBUG] matériel pour KMC227_BT_RectoVerso_Couleurs : ipp://128.81.4.184
[2025-03-21 14:39:50,041] [DEBUG] 128.81.4.184
[2025-03-21 14:39:50,041] [DEBUG] matériel pour KMC227_BT_RectoVerso_NB : ipp://128.81.4.184
[2025-03-21 14:39:50,041] [DEBUG] 128.81.4.184
[2025-03-21 14:39:50,042] [DEBUG] matériel pour KMC227_SOLC_Recto_NB : ipp://128.81.4.184
[2025-03-21 14:39:50,042] [DEBUG] 128.81.4.184
[2025-03-21 14:39:50,042] [DEBUG] matériel pour KMC227_SOLC_RectoVerso_NB : ipp://128.81.4.184
[2025-03-21 14:39:50,042] [DEBUG] 128.81.4.184
[2025-03-21 14:39:50,042] [DEBUG] matériel pour PDF : cups-pdf:/
[2025-03-21 14:39:50,042] [DEBUG] 128.81.4.184
[2025-03-21 14:39:50,042] [DEBUG] KMC227-SOLC-Recto-Couleurs accepte des requêtes depuis lun. 20 janv. 2025 10:56:21
[2025-03-21 14:39:50,042] [DEBUG] 128.81.4.184
[2025-03-21 14:39:50,042] [DEBUG] KMC227-SOLC-Recto-NB accepte des requêtes depuis mar. 10 déc. 2024 14:28:27
[2025-03-21 14:39:50,042] [DEBUG] 128.81.4.184
[2025-03-21 14:39:50,042] [DEBUG] KMC227-SOLC-Recto-Verso-Couleurs accepte des requêtes depuis lun. 17 mars 2025 17:11:53
[2025-03-21 14:39:50,042] [DEBUG] 128.81.4.184
[2025-03-21 14:39:50,042] [DEBUG] KMC227-SOLC-Recto-Verso-NB accepte des requêtes depuis jeu. 20 mars 2025 10:45:04
[2025-03-21 14:39:50,043] [DEBUG] 128.81.4.184
[2025-03-21 14:39:50,043] [DEBUG] KMC227_BT_Recto_Couleurs accepte des requêtes depuis ven. 21 mars 2025 10:26:30
[2025-03-21 14:39:50,043] [DEBUG] 128.81.4.184
[2025-03-21 14:39:50,043] [DEBUG] KMC227_BT_Recto_NB accepte des requêtes depuis jeu. 20 mars 2025 17:08:44
[2025-03-21 14:39:50,043] [DEBUG] 128.81.4.184
[2025-03-21 14:39:50,043] [DEBUG] KMC227_BT_RectoVerso_Couleurs accepte des requêtes depuis ven. 21 mars 2025 10:26:30
[2025-03-21 14:39:50,043] [DEBUG] 128.81.4.184
[2025-03-21 14:39:50,043] [DEBUG] KMC227_BT_RectoVerso_NB accepte des requêtes depuis jeu. 20 mars 2025 17:08:44
[2025-03-21 14:39:50,043] [DEBUG] 128.81.4.184
[2025-03-21 14:39:50,043] [DEBUG] KMC227_SOLC_Recto_NB accepte des requêtes depuis ven. 21 mars 2025 10:29:07
[2025-03-21 14:39:50,043] [DEBUG] 128.81.4.184
[2025-03-21 14:39:50,043] [DEBUG] KMC227_SOLC_RectoVerso_NB accepte des requêtes depuis ven. 21 mars 2025 10:29:07
[2025-03-21 14:39:50,043] [DEBUG] 128.81.4.184
[2025-03-21 14:39:50,044] [DEBUG] PDF accepte des requêtes depuis jeu. 04 avril 2024 09:01:42
[2025-03-21 14:39:50,044] [DEBUG] 128.81.4.184
[2025-03-21 14:39:50,044] [DEBUG] printer KMC227-SOLC-Recto-Couleurs is idle.  enabled since lun. 20 janv. 2025 10:56:21
[2025-03-21 14:39:50,044] [DEBUG] 128.81.4.184
[2025-03-21 14:39:50,044] [DEBUG] printer KMC227-SOLC-Recto-NB is idle.  enabled since mar. 10 déc. 2024 14:28:27
[2025-03-21 14:39:50,044] [DEBUG] 128.81.4.184
[2025-03-21 14:39:50,044] [DEBUG] printer KMC227-SOLC-Recto-Verso-Couleurs is idle.  enabled since lun. 17 mars 2025 17:11:53
[2025-03-21 14:39:50,044] [DEBUG] 128.81.4.184
[2025-03-21 14:39:50,044] [DEBUG] printer KMC227-SOLC-Recto-Verso-NB is idle.  enabled since jeu. 20 mars 2025 10:45:04
[2025-03-21 14:39:50,044] [DEBUG] 128.81.4.184
[2025-03-21 14:39:50,044] [DEBUG] printer KMC227_BT_Recto_Couleurs is idle.  enabled since ven. 21 mars 2025 10:26:30
[2025-03-21 14:39:50,044] [DEBUG] 128.81.4.184
[2025-03-21 14:39:50,045] [DEBUG] printer KMC227_BT_Recto_NB is idle.  enabled since jeu. 20 mars 2025 17:08:44
[2025-03-21 14:39:50,045] [DEBUG] 128.81.4.184
[2025-03-21 14:39:50,045] [DEBUG] printer KMC227_BT_RectoVerso_Couleurs is idle.  enabled since ven. 21 mars 2025 10:26:30
[2025-03-21 14:39:50,045] [DEBUG] 128.81.4.184
[2025-03-21 14:39:50,045] [DEBUG] printer KMC227_BT_RectoVerso_NB is idle.  enabled since jeu. 20 mars 2025 17:08:44
[2025-03-21 14:39:50,045] [DEBUG] 128.81.4.184
[2025-03-21 14:39:50,045] [DEBUG] printer KMC227_SOLC_Recto_NB is idle.  enabled since ven. 21 mars 2025 10:29:07
[2025-03-21 14:39:50,045] [DEBUG] 128.81.4.184
[2025-03-21 14:39:50,045] [DEBUG] printer KMC227_SOLC_RectoVerso_NB is idle.  enabled since ven. 21 mars 2025 10:29:07
[2025-03-21 14:39:50,045] [DEBUG] 128.81.4.184
[2025-03-21 14:39:50,045] [DEBUG] printer PDF is idle.  enabled since jeu. 04 avril 2024 09:01:42
[2025-03-21 14:39:50,045] [DEBUG] 128.81.4.184
[2025-03-21 14:39:50,045] [INFO] Suppression de 10 imprimante(s) associée(s) à l'IP 128.81.4.184: KMC227-SOLC-Recto-Couleurs, KMC227-SOLC-Recto-NB, KMC227-SOLC-Recto-Verso-Couleurs, KMC227-SOLC-Recto-Verso-NB, KMC227_BT_Recto_Couleurs, KMC227_BT_Recto_NB, KMC227_BT_RectoVerso_Couleurs, KMC227_BT_RectoVerso_NB, KMC227_SOLC_Recto_NB, KMC227_SOLC_RectoVerso_NB
[2025-03-21 14:39:50,046] [INFO] Suppression de l'imprimante KMC227-SOLC-Recto-Couleurs
[2025-03-21 14:39:50,062] [INFO] [SUCCESS] Imprimante KMC227-SOLC-Recto-Couleurs supprimée avec succès
[2025-03-21 14:39:50,063] [INFO] Suppression de l'imprimante KMC227-SOLC-Recto-NB
[2025-03-21 14:39:50,068] [INFO] [SUCCESS] Imprimante KMC227-SOLC-Recto-NB supprimée avec succès
[2025-03-21 14:39:50,068] [INFO] Suppression de l'imprimante KMC227-SOLC-Recto-Verso-Couleurs
[2025-03-21 14:39:50,080] [INFO] [SUCCESS] Imprimante KMC227-SOLC-Recto-Verso-Couleurs supprimée avec succès
[2025-03-21 14:39:50,080] [INFO] Suppression de l'imprimante KMC227-SOLC-Recto-Verso-NB
[2025-03-21 14:39:50,093] [INFO] [SUCCESS] Imprimante KMC227-SOLC-Recto-Verso-NB supprimée avec succès
[2025-03-21 14:39:50,093] [INFO] Suppression de l'imprimante KMC227_BT_Recto_Couleurs
[2025-03-21 14:39:50,101] [INFO] [SUCCESS] Imprimante KMC227_BT_Recto_Couleurs supprimée avec succès
[2025-03-21 14:39:50,101] [INFO] Suppression de l'imprimante KMC227_BT_Recto_NB
[2025-03-21 14:39:50,108] [INFO] [SUCCESS] Imprimante KMC227_BT_Recto_NB supprimée avec succès
[2025-03-21 14:39:50,108] [INFO] Suppression de l'imprimante KMC227_BT_RectoVerso_Couleurs
[2025-03-21 14:39:50,116] [INFO] [SUCCESS] Imprimante KMC227_BT_RectoVerso_Couleurs supprimée avec succès
[2025-03-21 14:39:50,116] [INFO] Suppression de l'imprimante KMC227_BT_RectoVerso_NB
[2025-03-21 14:39:50,123] [INFO] [SUCCESS] Imprimante KMC227_BT_RectoVerso_NB supprimée avec succès
[2025-03-21 14:39:50,123] [INFO] Suppression de l'imprimante KMC227_SOLC_Recto_NB
[2025-03-21 14:39:50,130] [INFO] [SUCCESS] Imprimante KMC227_SOLC_Recto_NB supprimée avec succès
[2025-03-21 14:39:50,130] [INFO] Suppression de l'imprimante KMC227_SOLC_RectoVerso_NB
[2025-03-21 14:39:50,136] [INFO] [SUCCESS] Imprimante KMC227_SOLC_RectoVerso_NB supprimée avec succès
[2025-03-21 14:39:50,136] [INFO] [SUCCESS] Toutes les imprimantes associées à l'IP 128.81.4.184 ont été supprimées avec succès
[2025-03-21 14:39:50,136] [INFO] Redémarrage du service CUPS
[2025-03-21 14:39:50,137] [INFO] Redémarrage du service cups
[2025-03-21 14:39:50,197] [INFO] [SUCCESS] Service cups redémarré avec succès
[2025-03-21 14:39:50,197] [INFO] [SUCCESS] Service CUPS redémarré avec succès
[2025-03-21 14:39:50,197] [INFO] [SUCCESS] Suppression(s) effectué(es) avec succès
[2025-03-21 14:39:50,397] [INFO] [SUCCESS] Succès: Suppression(s) effectué(es) avec succès
[2025-03-21 14:40:48,322] [INFO] Recherche de toutes les imprimantes réseau
[2025-03-21 14:40:48,617] [WARNING] Aucune imprimante réseau n'a été trouvée
[2025-03-21 14:40:48,617] [INFO] Redémarrage du service CUPS
[2025-03-21 14:40:48,617] [INFO] Redémarrage du service cups
[2025-03-21 14:40:48,696] [INFO] [SUCCESS] Service cups redémarré avec succès
[2025-03-21 14:40:48,696] [INFO] [SUCCESS] Service CUPS redémarré avec succès
[2025-03-21 14:40:48,696] [INFO] [SUCCESS] Suppression(s) effectué(es) avec succès
[2025-03-21 14:40:48,897] [INFO] [SUCCESS] Succès: Suppression(s) effectué(es) avec succès
[2025-03-21 14:41:22,168] [INFO] Recherche de toutes les imprimantes réseau
[2025-03-21 14:41:22,465] [WARNING] Aucune imprimante réseau n'a été trouvée
[2025-03-21 14:41:22,466] [INFO] Redémarrage du service CUPS
[2025-03-21 14:41:22,466] [INFO] Redémarrage du service cups
[2025-03-21 14:41:22,646] [INFO] [SUCCESS] Service cups redémarré avec succès
[2025-03-21 14:41:22,646] [INFO] [SUCCESS] Service CUPS redémarré avec succès
[2025-03-21 14:41:22,647] [INFO] [SUCCESS] Suppression(s) effectué(es) avec succès
[2025-03-21 14:41:22,847] [INFO] [SUCCESS] Succès: Suppression(s) effectué(es) avec succès
[2025-03-21 14:43:35,380] [ERROR] Erreur inattendue: 'PrinterCommands' object has no attribute 'remove_all_network_printers'
[2025-03-21 14:43:35,380] [DEBUG] Traceback (most recent call last):
  File "/media/nicolas.voirin/Drive/pcUtils/plugins/delete_printer/exec.py", line 52, in execute_plugin
    returnValue = printer_manager.remove_all_network_printers()
AttributeError: 'PrinterCommands' object has no attribute 'remove_all_network_printers'

[2025-03-21 14:43:35,580] [ERROR] Échec: Erreur inattendue: 'PrinterCommands' object has no attribute 'remove_all_network_printers'
[2025-03-21 14:43:47,640] [INFO] Recherche de toutes les imprimantes réseau
[2025-03-21 14:43:48,247] [WARNING] Aucune imprimante réseau n'a été trouvée
[2025-03-21 14:43:48,247] [INFO] Redémarrage du service CUPS
[2025-03-21 14:43:48,247] [INFO] Redémarrage du service cups
[2025-03-21 14:43:48,338] [INFO] [SUCCESS] Service cups redémarré avec succès
[2025-03-21 14:43:48,338] [INFO] [SUCCESS] Service CUPS redémarré avec succès
[2025-03-21 14:43:48,338] [INFO] [SUCCESS] Suppression(s) effectué(es) avec succès
[2025-03-21 14:43:48,539] [INFO] [SUCCESS] Succès: Suppression(s) effectué(es) avec succès
[2025-03-21 14:47:02,658] [INFO] Recherche de toutes les imprimantes réseau
[2025-03-21 14:47:02,953] [INFO] Suppression de 3 imprimante(s) réseau: KMC227_SOLC_Recto_NB, KMC227_SOLC_RectoVerso_Couleurs, KMC227_SOLC_RectoVerso_NB
[2025-03-21 14:47:02,953] [DEBUG]   - KMC227_SOLC_Recto_NB: ipp://128.81.4.184
[2025-03-21 14:47:02,953] [DEBUG]   - KMC227_SOLC_RectoVerso_Couleurs: ipp://128.81.4.184
[2025-03-21 14:47:02,953] [DEBUG]   - KMC227_SOLC_RectoVerso_NB: ipp://128.81.4.184
[2025-03-21 14:47:02,953] [INFO] Suppression de l'imprimante réseau: KMC227_SOLC_Recto_NB
[2025-03-21 14:47:02,953] [INFO] Suppression de l'imprimante KMC227_SOLC_Recto_NB
[2025-03-21 14:47:02,964] [INFO] [SUCCESS] Imprimante KMC227_SOLC_Recto_NB supprimée avec succès
[2025-03-21 14:47:02,964] [INFO] Suppression de l'imprimante réseau: KMC227_SOLC_RectoVerso_Couleurs
[2025-03-21 14:47:02,964] [INFO] Suppression de l'imprimante KMC227_SOLC_RectoVerso_Couleurs
[2025-03-21 14:47:02,971] [INFO] [SUCCESS] Imprimante KMC227_SOLC_RectoVerso_Couleurs supprimée avec succès
[2025-03-21 14:47:02,971] [INFO] Suppression de l'imprimante réseau: KMC227_SOLC_RectoVerso_NB
[2025-03-21 14:47:02,971] [INFO] Suppression de l'imprimante KMC227_SOLC_RectoVerso_NB
[2025-03-21 14:47:02,979] [INFO] [SUCCESS] Imprimante KMC227_SOLC_RectoVerso_NB supprimée avec succès
[2025-03-21 14:47:02,979] [INFO] [SUCCESS] Toutes les imprimantes réseau (3) ont été supprimées avec succès
[2025-03-21 14:47:02,979] [INFO] Redémarrage du service CUPS
[2025-03-21 14:47:02,979] [INFO] Redémarrage du service cups
[2025-03-21 14:47:03,035] [INFO] [SUCCESS] Service cups redémarré avec succès
[2025-03-21 14:47:03,035] [INFO] [SUCCESS] Service CUPS redémarré avec succès
[2025-03-21 14:47:03,035] [INFO] [SUCCESS] Suppression(s) effectué(es) avec succès
[2025-03-21 14:47:03,235] [INFO] [SUCCESS] Succès: Suppression(s) effectué(es) avec succès
[2025-03-21 16:36:35,769] [INFO] Recherche de toutes les imprimantes réseau
[2025-03-21 16:36:36,068] [WARNING] Aucune imprimante réseau n'a été trouvée
[2025-03-21 16:36:36,068] [INFO] Redémarrage du service CUPS
[2025-03-21 16:36:36,068] [INFO] Redémarrage du service cups
[2025-03-21 16:36:36,130] [INFO] [SUCCESS] Service cups redémarré avec succès
[2025-03-21 16:36:36,130] [INFO] [SUCCESS] Service CUPS redémarré avec succès
[2025-03-21 16:36:36,131] [INFO] [SUCCESS] Suppression(s) effectué(es) avec succès
[2025-03-21 16:36:36,331] [INFO] [SUCCESS] Succès: Suppression(s) effectué(es) avec succès
[2025-03-21 16:41:24,025] [INFO] Recherche de toutes les imprimantes réseau
[2025-03-21 16:41:24,324] [INFO] Suppression de 2 imprimante(s) réseau: KMC227_BT_Recto_NB, KMC227_BT_RectoVerso_NB
[2025-03-21 16:41:24,324] [DEBUG]   - KMC227_BT_Recto_NB: ipp://128.81.4.184
[2025-03-21 16:41:24,324] [DEBUG]   - KMC227_BT_RectoVerso_NB: ipp://128.81.4.184
[2025-03-21 16:41:24,324] [INFO] Suppression de l'imprimante réseau: KMC227_BT_Recto_NB
[2025-03-21 16:41:24,324] [INFO] Suppression de l'imprimante KMC227_BT_Recto_NB
[2025-03-21 16:41:24,343] [INFO] [SUCCESS] Imprimante KMC227_BT_Recto_NB supprimée avec succès
[2025-03-21 16:41:24,344] [INFO] Suppression de l'imprimante réseau: KMC227_BT_RectoVerso_NB
[2025-03-21 16:41:24,344] [INFO] Suppression de l'imprimante KMC227_BT_RectoVerso_NB
[2025-03-21 16:41:24,351] [INFO] [SUCCESS] Imprimante KMC227_BT_RectoVerso_NB supprimée avec succès
[2025-03-21 16:41:24,351] [INFO] [SUCCESS] Toutes les imprimantes réseau (2) ont été supprimées avec succès
[2025-03-21 16:41:24,351] [INFO] Redémarrage du service CUPS
[2025-03-21 16:41:24,351] [INFO] Redémarrage du service cups
[2025-03-21 16:41:24,406] [INFO] [SUCCESS] Service cups redémarré avec succès
[2025-03-21 16:41:24,406] [INFO] [SUCCESS] Service CUPS redémarré avec succès
[2025-03-21 16:41:24,406] [INFO] [SUCCESS] Suppression(s) effectué(es) avec succès
[2025-03-21 16:41:24,606] [INFO] [SUCCESS] Succès: Suppression(s) effectué(es) avec succès
[2025-03-25 09:37:52,026] [INFO] Recherche des imprimantes associées à l'IP None
[2025-03-25 09:37:52,114] [DEBUG] Sortie complète de lpstat -t:
[2025-03-25 09:37:52,114] [DEBUG]   scheduler is running
[2025-03-25 09:37:52,114] [DEBUG]   system default destination: Epson-C4200_BT_RectoVerso_NB
[2025-03-25 09:37:52,114] [DEBUG]   matériel pour Epson-C4200_BT_Recto_Couleurs : lpd://192.168.1.220
[2025-03-25 09:37:52,114] [DEBUG]   matériel pour Epson-C4200_BT_Recto_NB : lpd://192.168.1.220
[2025-03-25 09:37:52,114] [DEBUG]   matériel pour Epson-C4200_BT_RectoVerso_Couleurs : lpd://192.168.1.220
[2025-03-25 09:37:52,114] [DEBUG]   matériel pour Epson-C4200_BT_RectoVerso_NB : lpd://192.168.1.220
[2025-03-25 09:37:52,114] [DEBUG]   matériel pour Epson-C4200_None_Recto_Couleurs : lpd://None
[2025-03-25 09:37:52,114] [DEBUG]   matériel pour Epson-C4200_None_Recto_NB : lpd://None
[2025-03-25 09:37:52,114] [DEBUG]   matériel pour Epson-C4200_None_RectoVerso_Couleurs : lpd://None
[2025-03-25 09:37:52,114] [DEBUG]   matériel pour Epson-C4200_None_RectoVerso_NB : lpd://None
[2025-03-25 09:37:52,114] [DEBUG]   matériel pour Epson-C4200_TestPrinter_Recto_Couleurs : lpd://192.168.1.100
[2025-03-25 09:37:52,114] [DEBUG]   matériel pour Epson-C4200_TestPrinter_Recto_NB : lpd://192.168.1.100
[2025-03-25 09:37:52,115] [DEBUG]   matériel pour Epson-C4200_TestPrinter_RectoVerso_Couleurs : lpd://192.168.1.100
[2025-03-25 09:37:52,115] [DEBUG]   matériel pour Epson-C4200_TestPrinter_RectoVerso_NB : lpd://192.168.1.100
[2025-03-25 09:37:52,115] [DEBUG]   Epson-C4200_BT_Recto_Couleurs accepte des requêtes depuis lun. 03 mars 2025 15:21:11
[2025-03-25 09:37:52,115] [DEBUG]   Epson-C4200_BT_Recto_NB accepte des requêtes depuis lun. 03 mars 2025 15:21:10
[2025-03-25 09:37:52,115] [DEBUG]   Epson-C4200_BT_RectoVerso_Couleurs accepte des requêtes depuis lun. 03 mars 2025 15:21:11
[2025-03-25 09:37:52,115] [DEBUG]   Epson-C4200_BT_RectoVerso_NB accepte des requêtes depuis lun. 03 mars 2025 15:21:12
[2025-03-25 09:37:52,115] [DEBUG]   Epson-C4200_None_Recto_Couleurs accepte des requêtes depuis mer. 19 mars 2025 10:07:36
[2025-03-25 09:37:52,115] [DEBUG]   Epson-C4200_None_Recto_NB accepte des requêtes depuis mer. 19 mars 2025 10:07:35
[2025-03-25 09:37:52,115] [DEBUG]   Epson-C4200_None_RectoVerso_Couleurs accepte des requêtes depuis mer. 19 mars 2025 10:07:37
[2025-03-25 09:37:52,115] [DEBUG]   Epson-C4200_None_RectoVerso_NB accepte des requêtes depuis mer. 19 mars 2025 10:07:37
[2025-03-25 09:37:52,115] [DEBUG]   Epson-C4200_TestPrinter_Recto_Couleurs accepte des requêtes depuis ven. 07 mars 2025 10:17:03
[2025-03-25 09:37:52,115] [DEBUG]   Epson-C4200_TestPrinter_Recto_NB accepte des requêtes depuis ven. 07 mars 2025 10:17:02
[2025-03-25 09:37:52,115] [DEBUG]   Epson-C4200_TestPrinter_RectoVerso_Couleurs accepte des requêtes depuis ven. 07 mars 2025 10:17:04
[2025-03-25 09:37:52,115] [DEBUG]   Epson-C4200_TestPrinter_RectoVerso_NB accepte des requêtes depuis ven. 07 mars 2025 10:17:04
[2025-03-25 09:37:52,115] [DEBUG]   printer Epson-C4200_BT_Recto_Couleurs is idle.  enabled since lun. 03 mars 2025 15:21:11
[2025-03-25 09:37:52,115] [DEBUG]   printer Epson-C4200_BT_Recto_NB is idle.  enabled since lun. 03 mars 2025 15:21:10
[2025-03-25 09:37:52,115] [DEBUG]   printer Epson-C4200_BT_RectoVerso_Couleurs is idle.  enabled since lun. 03 mars 2025 15:21:11
[2025-03-25 09:37:52,115] [DEBUG]   printer Epson-C4200_BT_RectoVerso_NB is idle.  enabled since lun. 03 mars 2025 15:21:12
[2025-03-25 09:37:52,115] [DEBUG]   printer Epson-C4200_None_Recto_Couleurs is idle.  enabled since mer. 19 mars 2025 10:07:36
[2025-03-25 09:37:52,115] [DEBUG]   printer Epson-C4200_None_Recto_NB is idle.  enabled since mer. 19 mars 2025 10:07:35
[2025-03-25 09:37:52,115] [DEBUG]   printer Epson-C4200_None_RectoVerso_Couleurs is idle.  enabled since mer. 19 mars 2025 10:07:37
[2025-03-25 09:37:52,115] [DEBUG]   printer Epson-C4200_None_RectoVerso_NB is idle.  enabled since mer. 19 mars 2025 10:07:37
[2025-03-25 09:37:52,116] [DEBUG]   printer Epson-C4200_TestPrinter_Recto_Couleurs is idle.  enabled since ven. 07 mars 2025 10:17:03
[2025-03-25 09:37:52,116] [DEBUG]   printer Epson-C4200_TestPrinter_Recto_NB is idle.  enabled since ven. 07 mars 2025 10:17:02
[2025-03-25 09:37:52,116] [DEBUG]   printer Epson-C4200_TestPrinter_RectoVerso_Couleurs is idle.  enabled since ven. 07 mars 2025 10:17:04
[2025-03-25 09:37:52,116] [DEBUG]   printer Epson-C4200_TestPrinter_RectoVerso_NB is idle.  enabled since ven. 07 mars 2025 10:17:04
[2025-03-25 09:37:52,116] [ERROR] Erreur inattendue: 'in <string>' requires string as left operand, not NoneType
[2025-03-25 09:37:52,116] [DEBUG] Traceback (most recent call last):
  File "/media/nico/Drive/pcUtils_internet/plugins/delete_printer/exec.py", line 55, in execute_plugin
    returnValue = printer_manager.remove_printer_by_ip(printer_ip)
  File "/media/nico/Drive/pcUtils_internet/plugins/loading_utils/printers.py", line 276, in remove_printer_by_ip
    if ip_address in line:
TypeError: 'in <string>' requires string as left operand, not NoneType

[2025-03-25 09:37:52,316] [ERROR] Échec: Erreur inattendue: 'in <string>' requires string as left operand, not NoneType
[2025-03-25 10:09:36,673] [INFO] Recherche de toutes les imprimantes réseau
[2025-03-25 10:09:36,901] [INFO] Suppression de 12 imprimante(s) réseau: Epson-C4200_BT_Recto_Couleurs, Epson-C4200_BT_Recto_NB, Epson-C4200_BT_RectoVerso_Couleurs, Epson-C4200_BT_RectoVerso_NB, Epson-C4200_None_Recto_Couleurs, Epson-C4200_None_Recto_NB, Epson-C4200_None_RectoVerso_Couleurs, Epson-C4200_None_RectoVerso_NB, Epson-C4200_TestPrinter_Recto_Couleurs, Epson-C4200_TestPrinter_Recto_NB, Epson-C4200_TestPrinter_RectoVerso_Couleurs, Epson-C4200_TestPrinter_RectoVerso_NB
[2025-03-25 10:09:36,901] [DEBUG]   - Epson-C4200_BT_Recto_Couleurs: lpd://192.168.1.220
[2025-03-25 10:09:36,901] [DEBUG]   - Epson-C4200_BT_Recto_NB: lpd://192.168.1.220
[2025-03-25 10:09:36,901] [DEBUG]   - Epson-C4200_BT_RectoVerso_Couleurs: lpd://192.168.1.220
[2025-03-25 10:09:36,901] [DEBUG]   - Epson-C4200_BT_RectoVerso_NB: lpd://192.168.1.220
[2025-03-25 10:09:36,901] [DEBUG]   - Epson-C4200_None_Recto_Couleurs: lpd://None
[2025-03-25 10:09:36,901] [DEBUG]   - Epson-C4200_None_Recto_NB: lpd://None
[2025-03-25 10:09:36,901] [DEBUG]   - Epson-C4200_None_RectoVerso_Couleurs: lpd://None
[2025-03-25 10:09:36,901] [DEBUG]   - Epson-C4200_None_RectoVerso_NB: lpd://None
[2025-03-25 10:09:36,901] [DEBUG]   - Epson-C4200_TestPrinter_Recto_Couleurs: lpd://192.168.1.100
[2025-03-25 10:09:36,901] [DEBUG]   - Epson-C4200_TestPrinter_Recto_NB: lpd://192.168.1.100
[2025-03-25 10:09:36,901] [DEBUG]   - Epson-C4200_TestPrinter_RectoVerso_Couleurs: lpd://192.168.1.100
[2025-03-25 10:09:36,901] [DEBUG]   - Epson-C4200_TestPrinter_RectoVerso_NB: lpd://192.168.1.100
[2025-03-25 10:09:36,901] [WARNING] ATTENTION: Vous êtes sur le point de supprimer 12 imprimantes réseau!
[2025-03-25 10:09:36,901] [INFO] Suppression de l'imprimante réseau: Epson-C4200_BT_Recto_Couleurs
[2025-03-25 10:09:36,902] [INFO] Suppression de l'imprimante Epson-C4200_BT_Recto_Couleurs
[2025-03-25 10:09:36,928] [INFO] [SUCCESS] Imprimante Epson-C4200_BT_Recto_Couleurs supprimée avec succès
[2025-03-25 10:09:36,928] [INFO] Suppression de l'imprimante réseau: Epson-C4200_BT_Recto_NB
[2025-03-25 10:09:36,928] [INFO] Suppression de l'imprimante Epson-C4200_BT_Recto_NB
[2025-03-25 10:09:36,942] [INFO] [SUCCESS] Imprimante Epson-C4200_BT_Recto_NB supprimée avec succès
[2025-03-25 10:09:36,942] [INFO] Suppression de l'imprimante réseau: Epson-C4200_BT_RectoVerso_Couleurs
[2025-03-25 10:09:36,942] [INFO] Suppression de l'imprimante Epson-C4200_BT_RectoVerso_Couleurs
[2025-03-25 10:09:36,949] [INFO] [SUCCESS] Imprimante Epson-C4200_BT_RectoVerso_Couleurs supprimée avec succès
[2025-03-25 10:09:36,949] [INFO] Suppression de l'imprimante réseau: Epson-C4200_BT_RectoVerso_NB
[2025-03-25 10:09:36,949] [INFO] Suppression de l'imprimante Epson-C4200_BT_RectoVerso_NB
[2025-03-25 10:09:36,956] [INFO] [SUCCESS] Imprimante Epson-C4200_BT_RectoVerso_NB supprimée avec succès
[2025-03-25 10:09:36,956] [INFO] Suppression de l'imprimante réseau: Epson-C4200_None_Recto_Couleurs
[2025-03-25 10:09:36,956] [INFO] Suppression de l'imprimante Epson-C4200_None_Recto_Couleurs
[2025-03-25 10:09:36,961] [INFO] [SUCCESS] Imprimante Epson-C4200_None_Recto_Couleurs supprimée avec succès
[2025-03-25 10:09:36,962] [INFO] Suppression de l'imprimante réseau: Epson-C4200_None_Recto_NB
[2025-03-25 10:09:36,962] [INFO] Suppression de l'imprimante Epson-C4200_None_Recto_NB
[2025-03-25 10:09:36,967] [INFO] [SUCCESS] Imprimante Epson-C4200_None_Recto_NB supprimée avec succès
[2025-03-25 10:09:36,967] [INFO] Suppression de l'imprimante réseau: Epson-C4200_None_RectoVerso_Couleurs
[2025-03-25 10:09:36,967] [INFO] Suppression de l'imprimante Epson-C4200_None_RectoVerso_Couleurs
[2025-03-25 10:09:36,973] [INFO] [SUCCESS] Imprimante Epson-C4200_None_RectoVerso_Couleurs supprimée avec succès
[2025-03-25 10:09:36,974] [INFO] Suppression de l'imprimante réseau: Epson-C4200_None_RectoVerso_NB
[2025-03-25 10:09:36,974] [INFO] Suppression de l'imprimante Epson-C4200_None_RectoVerso_NB
[2025-03-25 10:09:36,979] [INFO] [SUCCESS] Imprimante Epson-C4200_None_RectoVerso_NB supprimée avec succès
[2025-03-25 10:09:36,979] [INFO] Suppression de l'imprimante réseau: Epson-C4200_TestPrinter_Recto_Couleurs
[2025-03-25 10:09:36,979] [INFO] Suppression de l'imprimante Epson-C4200_TestPrinter_Recto_Couleurs
[2025-03-25 10:09:36,985] [INFO] [SUCCESS] Imprimante Epson-C4200_TestPrinter_Recto_Couleurs supprimée avec succès
[2025-03-25 10:09:36,985] [INFO] Suppression de l'imprimante réseau: Epson-C4200_TestPrinter_Recto_NB
[2025-03-25 10:09:36,985] [INFO] Suppression de l'imprimante Epson-C4200_TestPrinter_Recto_NB
[2025-03-25 10:09:36,991] [INFO] [SUCCESS] Imprimante Epson-C4200_TestPrinter_Recto_NB supprimée avec succès
[2025-03-25 10:09:36,991] [INFO] Suppression de l'imprimante réseau: Epson-C4200_TestPrinter_RectoVerso_Couleurs
[2025-03-25 10:09:36,991] [INFO] Suppression de l'imprimante Epson-C4200_TestPrinter_RectoVerso_Couleurs
[2025-03-25 10:09:36,997] [INFO] [SUCCESS] Imprimante Epson-C4200_TestPrinter_RectoVerso_Couleurs supprimée avec succès
[2025-03-25 10:09:36,997] [INFO] Suppression de l'imprimante réseau: Epson-C4200_TestPrinter_RectoVerso_NB
[2025-03-25 10:09:36,997] [INFO] Suppression de l'imprimante Epson-C4200_TestPrinter_RectoVerso_NB
[2025-03-25 10:09:37,002] [INFO] [SUCCESS] Imprimante Epson-C4200_TestPrinter_RectoVerso_NB supprimée avec succès
[2025-03-25 10:09:37,003] [INFO] [SUCCESS] Toutes les imprimantes réseau (12) ont été supprimées avec succès
[2025-03-25 10:09:37,003] [INFO] [PROGRESS] 50 1 2 delete_printer 1
[2025-03-25 10:09:37,003] [INFO] Redémarrage du service CUPS
[2025-03-25 10:09:37,003] [INFO] Redémarrage du service cups
[2025-03-25 10:10:27,677] [ERROR] sudo: 3 saisies de mots de passe incorrectes
[2025-03-25 10:10:27,678] [ERROR] Échec du redémarrage du service cups
[2025-03-25 10:10:27,678] [ERROR] Erreur lors du redémarrage du service CUPS
[2025-03-25 10:10:27,878] [ERROR] Échec: Erreur lors du redémarrage de CUPS
