[2025-02-18 15:38:29] [INFO] Démarrage de l'exécution du script interactif
[2025-02-18 15:38:29] [INFO] Progression : 10% (étape 1/10) - Attente de la question...
[2025-02-18 15:38:29] [INFO] Question : \n=== Étape: Initialisation de la configuration ===
Détection du système...
[2025-02-18 15:38:29] [INFO] Progression : 20% (étape 2/10) - Réponse : o
[2025-02-18 15:38:30] [INFO] Progression : 30% (étape 3/10) - Attente de la question...
[2025-02-18 15:38:30] [INFO] Question : o
[2025-02-18 15:38:30] [INFO] Progression : 40% (étape 4/10) - Réponse : 80
[2025-02-18 15:38:30] [INFO] Progression : 50% (étape 5/10) - Attente de la question...
[2025-02-18 15:38:30] [INFO] Question : 80
Vérification des prérequis...
[2025-02-18 15:38:30] [INFO] Progression : 60% (étape 6/10) - Réponse : o
[2025-02-18 15:38:31] [INFO] Progression : 70% (étape 7/10) - Attente de la question...
[2025-02-18 15:38:31] [INFO] Question : o
[2025-02-18 15:38:31] [INFO] Progression : 80% (étape 8/10) - Réponse : 8.1
[2025-02-18 15:38:31] [INFO] Progression : 90% (étape 9/10) - Attente de la question...
[2025-02-18 15:38:31] [INFO] Question : 8.1
\n=== Étape: Type d'installation ===
Voulez-vous installer un serveur web ? (o/n)
\n=== Étape: Configuration du serveur web ===
Quel port souhaitez-vous utiliser ? (par défaut: 80)
Port sélectionné: 80
\n=== Étape: Support PHP ===
Voulez-vous activer PHP ? (o/n)
\n=== Étape: Version de PHP ===
Quelle version de PHP ? (7.4/8.0/8.1)
PHP 8.1 sera installé
[2025-02-18 15:38:31] [INFO] Progression : 100% (étape 10/10) - Réponse : o
[2025-02-18 15:38:33] [INFO] Exécution terminée avec succès
